[2021-11-18 17:28:40,591 - __console line:  58] - INFO: 创建谷歌浏览器对象成功!
[2021-11-18 17:28:40,592 - __console line:  58] - INFO: 创建浏览器对象成功!
[2021-11-18 17:28:44,279 - __console line:  58] - INFO: 打开https://testnew.wisight.cn/login成功！
[2021-11-18 17:28:46,374 - __console line:  58] - INFO: 输入用户名：adbc成功！
[2021-11-18 17:28:46,460 - __console line:  58] - INFO: 输入密码：Password123成功！
[2021-11-18 17:28:46,515 - __console line:  58] - INFO: 点击登录按钮成功！
[2021-11-18 17:28:47,553 - __console line:  58] - INFO: 关闭浏览器对象成功！
[2021-11-18 17:28:51,361 - __console line:  58] - INFO: 创建谷歌浏览器对象成功!
[2021-11-18 17:28:51,362 - __console line:  58] - INFO: 创建浏览器对象成功!
[2021-11-18 17:28:54,630 - __console line:  58] - INFO: 打开https://testnew.wisight.cn/login成功！
[2021-11-18 17:28:56,732 - __console line:  58] - INFO: 输入用户名：adbc成功！
[2021-11-18 17:28:56,820 - __console line:  58] - INFO: 输入密码：Password124成功！
[2021-11-18 17:28:56,886 - __console line:  58] - INFO: 点击登录按钮成功！
[2021-11-18 17:28:57,913 - __console line:  58] - INFO: 关闭浏览器对象成功！
[2021-11-18 17:29:01,702 - __console line:  58] - INFO: 创建谷歌浏览器对象成功!
[2021-11-18 17:29:01,702 - __console line:  58] - INFO: 创建浏览器对象成功!
[2021-11-18 17:29:05,287 - __console line:  58] - INFO: 打开https://testnew.wisight.cn/login成功！
[2021-11-18 17:29:07,429 - __console line:  58] - INFO: 输入用户名：admin@long.com成功！
[2021-11-18 17:29:07,510 - __console line:  58] - INFO: 输入密码：Password123成功！
[2021-11-18 17:29:07,567 - __console line:  58] - INFO: 点击登录按钮成功！
[2021-11-18 17:29:08,598 - __console line:  58] - INFO: 关闭浏览器对象成功！
[2021-11-18 17:29:12,346 - __console line:  58] - INFO: 创建谷歌浏览器对象成功!
[2021-11-18 17:29:12,347 - __console line:  58] - INFO: 创建浏览器对象成功!
[2021-11-18 17:29:16,073 - __console line:  58] - INFO: 打开https://testnew.wisight.cn/login成功！
[2021-11-18 17:29:18,236 - __console line:  58] - INFO: 输入用户名：admin@sdk.com成功！
[2021-11-18 17:29:18,370 - __console line:  58] - INFO: 输入密码：Password123成功！
[2021-11-18 17:29:18,447 - __console line:  58] - INFO: 点击登录按钮成功！
[2021-11-18 17:29:19,479 - __console line:  58] - INFO: 关闭浏览器对象成功！
[2021-11-18 17:29:23,548 - __console line:  58] - INFO: 创建谷歌浏览器对象成功!
[2021-11-18 17:29:23,549 - __console line:  58] - INFO: 创建浏览器对象成功!
[2021-11-18 17:29:26,306 - __console line:  58] - INFO: 打开https://testnew.wisight.cn/login成功！
[2021-11-18 17:29:26,409 - __console line:  58] - INFO: 输入用户名：admin@long.com成功！
[2021-11-18 17:29:26,494 - __console line:  58] - INFO: 输入密码：Password123成功！
[2021-11-18 17:29:26,556 - __console line:  58] - INFO: 点击登录按钮成功！
[2021-11-18 17:29:27,663 - __console line:  58] - INFO: 点击企业工作台元素成功
[2021-11-18 17:29:27,898 - __console line:  58] - INFO: 点击演示部门元素成功
[2021-11-18 17:29:27,975 - __console line:  58] - INFO: 点击新增部门按钮元素成功
[2021-11-18 17:29:28,225 - __console line:  58] - INFO: 输入部门名称元素成功
[2021-11-18 17:29:28,300 - __console line:  58] - INFO: 点击新增部门提交元素成功
[2021-11-18 17:29:28,300 - __console line:  58] - INFO: 关闭浏览器对象成功！
