[2022-01-04 13:59:26,236 - __console line:  58] - INFO: 创建谷歌浏览器对象成功!
[2022-01-04 13:59:26,236 - __console line:  58] - INFO: 创建浏览器对象成功!
[2022-01-04 13:59:30,003 - __console line:  58] - INFO: 打开https://qdtest.wisight.cn/login成功！
[2022-01-04 13:59:32,760 - __console line:  58] - INFO: 点击服务套件成功
[2022-01-04 13:59:32,936 - __console line:  58] - INFO: 点击群组管理成功
[2022-01-04 13:59:34,296 - __console line:  58] - INFO: 滚动条拖动到底部！
[2022-01-04 13:59:34,371 - __console line:  58] - INFO: 点击下拉选择翻页成功
[2022-01-04 13:59:34,734 - __console line:  58] - INFO: 成功选择每页显示50条数据！
[2022-01-04 13:59:39,770 - __console line:  58] - INFO: 关闭浏览器对象成功！
[2022-01-04 13:59:43,233 - __console line:  58] - INFO: 创建谷歌浏览器对象成功!
[2022-01-04 13:59:43,234 - __console line:  58] - INFO: 创建浏览器对象成功!
[2022-01-04 13:59:45,393 - __console line:  58] - INFO: 打开https://qdtest.wisight.cn/login成功！
[2022-01-04 13:59:48,088 - __console line:  58] - INFO: 点击服务套件成功
[2022-01-04 13:59:48,283 - __console line:  58] - INFO: 点击群组管理成功
[2022-01-04 13:59:49,424 - __console line:  58] - INFO: 滚动条拖动到底部！
[2022-01-04 13:59:49,499 - __console line:  58] - INFO: 点击下拉选择翻页成功
[2022-01-04 13:59:49,815 - __console line:  58] - INFO: 成功选择每页显示50条数据！
[2022-01-04 13:59:54,860 - __console line:  58] - INFO: 关闭浏览器对象成功！
[2022-01-04 14:02:01,057 - __console line:  58] - INFO: 创建谷歌浏览器对象成功!
[2022-01-04 14:02:01,058 - __console line:  58] - INFO: 创建浏览器对象成功!
[2022-01-04 14:02:03,633 - __console line:  58] - INFO: 打开https://wibot.work/login成功！
[2022-01-04 14:02:04,914 - __console line:  58] - INFO: 点击服务套件成功
[2022-01-04 14:02:05,100 - __console line:  58] - INFO: 点击wibot助理管理成功
[2022-01-04 14:02:05,330 - __console line:  58] - INFO: 滚动条拖动到底部！
[2022-01-04 14:02:05,398 - __console line:  58] - INFO: 点击下拉选择翻页成功
[2022-01-04 14:02:05,776 - __console line:  58] - INFO: 成功选择每页显示50条数据！
[2022-01-04 14:02:10,814 - __console line:  58] - INFO: 关闭浏览器对象成功！
[2022-01-04 14:02:14,311 - __console line:  58] - INFO: 创建谷歌浏览器对象成功!
[2022-01-04 14:02:14,312 - __console line:  58] - INFO: 创建浏览器对象成功!
[2022-01-04 14:02:16,468 - __console line:  58] - INFO: 打开https://wibot.work/login成功！
[2022-01-04 14:02:17,579 - __console line:  58] - INFO: 点击服务套件成功
[2022-01-04 14:02:17,731 - __console line:  58] - INFO: 点击wibot助理管理成功
[2022-01-04 14:02:17,915 - __console line:  58] - INFO: 滚动条拖动到底部！
[2022-01-04 14:02:17,980 - __console line:  58] - INFO: 点击下拉选择翻页成功
[2022-01-04 14:04:56,440 - __console line:  58] - INFO: 创建谷歌浏览器对象成功!
[2022-01-04 14:04:56,440 - __console line:  58] - INFO: 创建浏览器对象成功!
[2022-01-04 14:05:00,758 - __console line:  58] - INFO: 打开https://qdtest.wisight.cn/login成功！
[2022-01-04 14:05:03,935 - __console line:  58] - INFO: 点击服务套件成功
[2022-01-04 14:05:04,124 - __console line:  58] - INFO: 点击群组管理成功
[2022-01-04 14:05:05,580 - __console line:  58] - INFO: 滚动条拖动到底部！
[2022-01-04 14:05:05,667 - __console line:  58] - INFO: 点击下拉选择翻页成功
[2022-01-04 14:05:06,034 - __console line:  58] - INFO: 成功选择每页显示50条数据！
[2022-01-04 14:05:50,032 - __console line:  58] - INFO: 创建谷歌浏览器对象成功!
[2022-01-04 14:05:50,033 - __console line:  58] - INFO: 创建浏览器对象成功!
[2022-01-04 14:05:51,163 - __console line:  58] - INFO: 打开https://wibot.work/login成功！
[2022-01-04 14:05:51,190 - __console line:  64] - ERROR: 截图方法调用--失败！
[2022-01-04 14:05:51,196 - __console line:  64] - ERROR: 截图方法调用--失败！
[2022-01-04 14:05:51,202 - __console line:  64] - ERROR: 截图方法调用--失败！
[2022-01-04 14:05:51,220 - __console line:  64] - ERROR: 截图方法调用--失败！
[2022-01-04 14:05:51,222 - __console line:  64] - ERROR: 截图方法调用--失败！
[2022-01-04 14:05:51,230 - __console line:  58] - INFO: 关闭浏览器对象成功！
[2022-01-04 14:05:54,632 - __console line:  58] - INFO: 创建谷歌浏览器对象成功!
[2022-01-04 14:05:54,633 - __console line:  58] - INFO: 创建浏览器对象成功!
[2022-01-04 14:05:56,591 - __console line:  58] - INFO: 打开https://wibot.work/login成功！
[2022-01-04 15:08:28,072 - __console line:  58] - INFO: 创建谷歌浏览器对象成功!
[2022-01-04 15:08:28,073 - __console line:  58] - INFO: 创建浏览器对象成功!
[2022-01-04 15:08:29,556 - __console line:  58] - INFO: 打开https://qdtest.wisight.cn/login成功！
[2022-01-04 15:08:32,850 - __console line:  58] - INFO: 点击服务套件成功
[2022-01-04 15:08:33,042 - __console line:  58] - INFO: 点击群组管理成功
[2022-01-04 15:08:34,310 - __console line:  58] - INFO: 滚动条拖动到底部！
[2022-01-04 15:08:34,400 - __console line:  58] - INFO: 点击下拉选择翻页成功
[2022-01-04 15:08:34,763 - __console line:  58] - INFO: 成功选择每页显示50条数据！
[2022-01-04 15:08:39,813 - __console line:  58] - INFO: 关闭浏览器对象成功！
[2022-01-04 15:10:02,185 - __console line:  58] - INFO: 创建谷歌浏览器对象成功!
[2022-01-04 15:10:02,186 - __console line:  58] - INFO: 创建浏览器对象成功!
[2022-01-04 15:10:04,027 - __console line:  58] - INFO: 打开https://qdtest.wisight.cn/login成功！
[2022-01-04 15:10:06,804 - __console line:  58] - INFO: 点击服务套件成功
[2022-01-04 15:10:07,000 - __console line:  58] - INFO: 点击群组管理成功
[2022-01-04 15:10:08,316 - __console line:  58] - INFO: 滚动条拖动到底部！
[2022-01-04 15:10:08,395 - __console line:  58] - INFO: 点击下拉选择翻页成功
[2022-01-04 15:10:08,787 - __console line:  58] - INFO: 成功选择每页显示50条数据！
[2022-01-04 15:10:13,825 - __console line:  58] - INFO: 关闭浏览器对象成功！
[2022-01-04 15:10:26,540 - __console line:  58] - INFO: 创建谷歌浏览器对象成功!
[2022-01-04 15:10:26,541 - __console line:  58] - INFO: 创建浏览器对象成功!
[2022-01-04 15:10:28,672 - __console line:  58] - INFO: 打开https://qdtest.wisight.cn/login成功！
[2022-01-04 15:10:31,590 - __console line:  58] - INFO: 点击服务套件成功
[2022-01-04 15:10:31,780 - __console line:  58] - INFO: 点击群组管理成功
[2022-01-04 15:10:33,077 - __console line:  58] - INFO: 滚动条拖动到底部！
[2022-01-04 15:10:33,165 - __console line:  58] - INFO: 点击下拉选择翻页成功
[2022-01-04 15:10:33,528 - __console line:  58] - INFO: 成功选择每页显示50条数据！
[2022-01-04 15:10:38,574 - __console line:  58] - INFO: 关闭浏览器对象成功！
[2022-01-04 15:11:08,546 - __console line:  58] - INFO: 创建谷歌浏览器对象成功!
[2022-01-04 15:11:08,547 - __console line:  58] - INFO: 创建浏览器对象成功!
[2022-01-04 15:11:09,844 - __console line:  58] - INFO: 打开https://qdtest.wisight.cn/login成功！
[2022-01-04 15:11:12,634 - __console line:  58] - INFO: 点击服务套件成功
[2022-01-04 15:11:12,811 - __console line:  58] - INFO: 点击群组管理成功
[2022-01-04 15:11:14,098 - __console line:  58] - INFO: 滚动条拖动到底部！
[2022-01-04 15:11:14,188 - __console line:  58] - INFO: 点击下拉选择翻页成功
[2022-01-04 15:11:14,569 - __console line:  58] - INFO: 成功选择每页显示50条数据！
[2022-01-04 15:11:20,264 - __console line:  58] - INFO: 关闭浏览器对象成功！
[2022-01-04 15:16:53,967 - __console line:  58] - INFO: 创建谷歌浏览器对象成功!
[2022-01-04 15:16:53,968 - __console line:  58] - INFO: 创建浏览器对象成功!
[2022-01-04 15:16:55,516 - __console line:  58] - INFO: 打开https://qdtest.wisight.cn/login成功！
[2022-01-04 15:16:58,796 - __console line:  58] - INFO: 点击服务套件成功
[2022-01-04 15:16:59,055 - __console line:  58] - INFO: 点击群组管理成功
[2022-01-04 15:17:00,296 - __console line:  58] - INFO: 滚动条拖动到底部！
[2022-01-04 15:17:00,381 - __console line:  58] - INFO: 点击下拉选择翻页成功
[2022-01-04 15:17:00,729 - __console line:  58] - INFO: 成功选择每页显示50条数据！
[2022-01-04 15:17:06,672 - __console line:  58] - INFO: 关闭浏览器对象成功！
[2022-01-04 15:17:10,131 - __console line:  58] - INFO: 创建谷歌浏览器对象成功!
[2022-01-04 15:17:10,131 - __console line:  58] - INFO: 创建浏览器对象成功!
[2022-01-04 15:17:11,302 - __console line:  58] - INFO: 打开https://wibot.work/login成功！
[2022-01-04 15:17:12,492 - __console line:  58] - INFO: 点击服务套件成功
[2022-01-04 15:17:12,681 - __console line:  58] - INFO: 点击群组管理成功
[2022-01-04 15:17:12,861 - __console line:  58] - INFO: 滚动条拖动到底部！
[2022-01-04 15:17:12,929 - __console line:  58] - INFO: 点击下拉选择翻页成功
[2022-01-04 15:17:13,261 - __console line:  58] - INFO: 成功选择每页显示50条数据！
[2022-01-04 15:17:16,570 - __console line:  58] - INFO: 关闭浏览器对象成功！
[2022-01-04 15:17:20,048 - __console line:  58] - INFO: 创建谷歌浏览器对象成功!
[2022-01-04 15:17:20,049 - __console line:  58] - INFO: 创建浏览器对象成功!
[2022-01-04 15:17:21,271 - __console line:  58] - INFO: 打开https://wibot.work/login成功！
[2022-01-04 15:17:22,381 - __console line:  58] - INFO: 点击服务套件成功
[2022-01-04 15:17:22,593 - __console line:  58] - INFO: 点击群组管理成功
[2022-01-04 15:17:22,819 - __console line:  58] - INFO: 滚动条拖动到底部！
[2022-01-04 15:17:22,890 - __console line:  58] - INFO: 点击下拉选择翻页成功
[2022-01-04 15:17:23,279 - __console line:  58] - INFO: 成功选择每页显示50条数据！
[2022-01-04 15:17:26,786 - __console line:  58] - INFO: 关闭浏览器对象成功！
[2022-01-04 15:17:30,240 - __console line:  58] - INFO: 创建谷歌浏览器对象成功!
[2022-01-04 15:17:30,240 - __console line:  58] - INFO: 创建浏览器对象成功!
[2022-01-04 15:17:31,491 - __console line:  58] - INFO: 打开https://wibot.work/login成功！
[2022-01-04 15:17:32,639 - __console line:  58] - INFO: 点击服务套件成功
[2022-01-04 15:17:32,830 - __console line:  58] - INFO: 点击群组管理成功
[2022-01-04 15:17:33,034 - __console line:  58] - INFO: 滚动条拖动到底部！
[2022-01-04 15:17:33,101 - __console line:  58] - INFO: 点击下拉选择翻页成功
[2022-01-04 15:17:33,491 - __console line:  58] - INFO: 成功选择每页显示50条数据！
[2022-01-04 15:17:36,773 - __console line:  58] - INFO: 关闭浏览器对象成功！
[2022-01-04 15:20:19,306 - __console line:  58] - INFO: 创建谷歌浏览器对象成功!
[2022-01-04 15:20:19,307 - __console line:  58] - INFO: 创建浏览器对象成功!
[2022-01-04 15:20:21,076 - __console line:  58] - INFO: 打开https://wibot.work/login成功！
[2022-01-04 15:20:22,284 - __console line:  58] - INFO: 点击服务套件成功
[2022-01-04 15:20:22,587 - __console line:  58] - INFO: 点击wibot助理管理成功
[2022-01-04 15:20:22,834 - __console line:  58] - INFO: 滚动条拖动到底部！
[2022-01-04 15:20:22,961 - __console line:  58] - INFO: 点击下拉选择翻页成功
[2022-01-04 15:20:23,304 - __console line:  58] - INFO: 成功选择每页显示50条数据！
[2022-01-04 15:20:28,693 - __console line:  58] - INFO: 关闭浏览器对象成功！
[2022-01-04 15:20:32,138 - __console line:  58] - INFO: 创建谷歌浏览器对象成功!
[2022-01-04 15:20:32,139 - __console line:  58] - INFO: 创建浏览器对象成功!
[2022-01-04 15:20:33,438 - __console line:  58] - INFO: 打开https://wibot.work/login成功！
[2022-01-04 15:20:34,611 - __console line:  58] - INFO: 点击服务套件成功
[2022-01-04 15:20:34,829 - __console line:  58] - INFO: 点击wibot助理管理成功
[2022-01-04 15:20:35,009 - __console line:  58] - INFO: 滚动条拖动到底部！
[2022-01-04 15:20:35,079 - __console line:  58] - INFO: 点击下拉选择翻页成功
[2022-01-04 15:20:35,452 - __console line:  58] - INFO: 成功选择每页显示50条数据！
[2022-01-04 15:20:40,668 - __console line:  58] - INFO: 关闭浏览器对象成功！
[2022-01-04 15:20:44,086 - __console line:  58] - INFO: 创建谷歌浏览器对象成功!
[2022-01-04 15:20:44,087 - __console line:  58] - INFO: 创建浏览器对象成功!
[2022-01-04 15:20:45,801 - __console line:  58] - INFO: 打开https://wibot.work/login成功！
[2022-01-04 15:20:46,905 - __console line:  58] - INFO: 点击服务套件成功
[2022-01-04 15:20:47,094 - __console line:  58] - INFO: 点击wibot助理管理成功
[2022-01-04 15:20:47,287 - __console line:  58] - INFO: 滚动条拖动到底部！
[2022-01-04 15:20:47,381 - __console line:  58] - INFO: 点击下拉选择翻页成功
[2022-01-04 15:20:47,726 - __console line:  58] - INFO: 成功选择每页显示50条数据！
[2022-01-04 15:20:52,874 - __console line:  58] - INFO: 关闭浏览器对象成功！
[2022-01-04 15:20:56,316 - __console line:  58] - INFO: 创建谷歌浏览器对象成功!
[2022-01-04 15:20:56,317 - __console line:  58] - INFO: 创建浏览器对象成功!
[2022-01-04 15:20:57,573 - __console line:  58] - INFO: 打开https://wibot.work/login成功！
[2022-01-04 15:20:58,691 - __console line:  58] - INFO: 点击服务套件成功
[2022-01-04 15:20:58,910 - __console line:  58] - INFO: 点击wibot助理管理成功
[2022-01-04 15:20:59,082 - __console line:  58] - INFO: 滚动条拖动到底部！
[2022-01-04 15:20:59,171 - __console line:  58] - INFO: 点击下拉选择翻页成功
[2022-01-04 15:20:59,479 - __console line:  58] - INFO: 成功选择每页显示50条数据！
[2022-01-04 15:21:04,717 - __console line:  58] - INFO: 关闭浏览器对象成功！
[2022-01-04 15:21:08,177 - __console line:  58] - INFO: 创建谷歌浏览器对象成功!
[2022-01-04 15:21:08,178 - __console line:  58] - INFO: 创建浏览器对象成功!
[2022-01-04 15:21:10,551 - __console line:  58] - INFO: 打开https://qdtest.wisight.cn/login成功！
[2022-01-04 15:21:13,467 - __console line:  58] - INFO: 点击服务套件成功
[2022-01-04 15:21:13,653 - __console line:  58] - INFO: 点击qdtest助理管理成功
[2022-01-04 15:21:14,932 - __console line:  58] - INFO: 滚动条拖动到底部！
[2022-01-04 15:21:15,003 - __console line:  58] - INFO: 点击下拉选择翻页成功
[2022-01-04 15:21:15,372 - __console line:  58] - INFO: 成功选择每页显示50条数据！
[2022-01-04 15:21:20,515 - __console line:  58] - INFO: 关闭浏览器对象成功！
[2022-01-04 15:21:23,945 - __console line:  58] - INFO: 创建谷歌浏览器对象成功!
[2022-01-04 15:21:23,945 - __console line:  58] - INFO: 创建浏览器对象成功!
[2022-01-04 15:21:25,326 - __console line:  58] - INFO: 打开https://qdtest.wisight.cn/login成功！
[2022-01-04 15:21:28,084 - __console line:  58] - INFO: 点击服务套件成功
[2022-01-04 15:21:28,258 - __console line:  58] - INFO: 点击qdtest助理管理成功
[2022-01-04 15:21:29,509 - __console line:  58] - INFO: 滚动条拖动到底部！
[2022-01-04 15:21:29,579 - __console line:  58] - INFO: 点击下拉选择翻页成功
[2022-01-04 15:21:29,953 - __console line:  58] - INFO: 成功选择每页显示50条数据！
[2022-01-04 15:21:35,083 - __console line:  58] - INFO: 关闭浏览器对象成功！
[2022-01-04 15:25:03,818 - __console line:  58] - INFO: 创建谷歌浏览器对象成功!
[2022-01-04 15:25:03,818 - __console line:  58] - INFO: 创建浏览器对象成功!
[2022-01-04 15:25:04,987 - __console line:  58] - INFO: 打开https://wibot.work/login成功！
[2022-01-04 15:25:04,991 - __console line:  64] - ERROR: 截图方法调用--失败！
[2022-01-04 15:25:04,998 - __console line:  64] - ERROR: 截图方法调用--失败！
[2022-01-04 15:25:05,009 - __console line:  64] - ERROR: 截图方法调用--失败！
[2022-01-04 15:25:05,013 - __console line:  64] - ERROR: 截图方法调用--失败！
[2022-01-04 15:25:05,021 - __console line:  64] - ERROR: 截图方法调用--失败！
[2022-01-04 15:25:05,024 - __console line:  58] - INFO: 关闭浏览器对象成功！
[2022-01-04 15:25:08,437 - __console line:  58] - INFO: 创建谷歌浏览器对象成功!
[2022-01-04 15:25:08,438 - __console line:  58] - INFO: 创建浏览器对象成功!
[2022-01-04 15:25:09,753 - __console line:  58] - INFO: 打开https://wibot.work/login成功！
[2022-01-04 15:25:10,949 - __console line:  58] - INFO: 点击服务套件成功
[2022-01-04 15:25:25,994 - __console line:  58] - INFO: 创建谷歌浏览器对象成功!
[2022-01-04 15:25:25,994 - __console line:  58] - INFO: 创建浏览器对象成功!
[2022-01-04 15:25:27,910 - __console line:  58] - INFO: 打开https://wibot.work/login成功！
[2022-01-04 15:25:29,067 - __console line:  58] - INFO: 点击服务套件成功
[2022-01-04 15:25:29,267 - __console line:  58] - INFO: 点击wibot助理管理成功
[2022-01-04 15:25:29,480 - __console line:  58] - INFO: 滚动条拖动到底部！
[2022-01-04 15:25:29,547 - __console line:  58] - INFO: 点击下拉选择翻页成功
[2022-01-04 15:25:29,938 - __console line:  58] - INFO: 成功选择每页显示50条数据！
[2022-01-04 15:25:35,193 - __console line:  58] - INFO: 关闭浏览器对象成功！
[2022-01-04 15:25:38,588 - __console line:  58] - INFO: 创建谷歌浏览器对象成功!
[2022-01-04 15:25:38,589 - __console line:  58] - INFO: 创建浏览器对象成功!
[2022-01-04 15:25:39,940 - __console line:  58] - INFO: 打开https://wibot.work/login成功！
[2022-01-04 15:25:41,044 - __console line:  58] - INFO: 点击服务套件成功
[2022-01-04 15:25:41,257 - __console line:  58] - INFO: 点击wibot助理管理成功
[2022-01-04 15:25:41,435 - __console line:  58] - INFO: 滚动条拖动到底部！
[2022-01-04 15:25:41,497 - __console line:  58] - INFO: 点击下拉选择翻页成功
[2022-01-04 15:25:41,830 - __console line:  58] - INFO: 成功选择每页显示50条数据！
[2022-01-04 15:25:47,041 - __console line:  58] - INFO: 关闭浏览器对象成功！
[2022-01-04 15:26:03,922 - __console line:  58] - INFO: 创建谷歌浏览器对象成功!
[2022-01-04 15:26:03,923 - __console line:  58] - INFO: 创建浏览器对象成功!
[2022-01-04 15:26:05,359 - __console line:  58] - INFO: 打开https://wibot.work/login成功！
[2022-01-04 15:26:06,578 - __console line:  58] - INFO: 点击服务套件成功
[2022-01-04 15:26:06,763 - __console line:  58] - INFO: 点击wibot助理管理成功
[2022-01-04 15:26:06,994 - __console line:  58] - INFO: 滚动条拖动到底部！
[2022-01-04 15:26:07,050 - __console line:  58] - INFO: 点击下拉选择翻页成功
[2022-01-04 15:26:07,432 - __console line:  58] - INFO: 成功选择每页显示50条数据！
[2022-01-04 15:26:20,096 - __console line:  58] - INFO: 创建谷歌浏览器对象成功!
[2022-01-04 15:26:20,096 - __console line:  58] - INFO: 创建浏览器对象成功!
[2022-01-04 15:26:21,831 - __console line:  58] - INFO: 打开https://wibot.work/login成功！
[2022-01-04 15:26:23,194 - __console line:  58] - INFO: 点击服务套件成功
[2022-01-04 15:26:23,475 - __console line:  58] - INFO: 点击wibot助理管理成功
[2022-01-04 15:26:23,735 - __console line:  58] - INFO: 滚动条拖动到底部！
[2022-01-04 15:26:23,817 - __console line:  58] - INFO: 点击下拉选择翻页成功
[2022-01-04 15:26:34,374 - __console line:  58] - INFO: 截图方法调用---成功！
[2022-01-04 15:26:39,660 - __console line:  58] - INFO: 关闭浏览器对象成功！
[2022-01-04 15:26:43,100 - __console line:  58] - INFO: 创建谷歌浏览器对象成功!
[2022-01-04 15:26:43,101 - __console line:  58] - INFO: 创建浏览器对象成功!
[2022-01-04 15:26:44,435 - __console line:  58] - INFO: 打开https://wibot.work/login成功！
[2022-01-04 15:26:45,722 - __console line:  58] - INFO: 点击服务套件成功
[2022-01-04 15:26:45,893 - __console line:  58] - INFO: 点击wibot助理管理成功
[2022-01-04 15:26:46,065 - __console line:  58] - INFO: 滚动条拖动到底部！
[2022-01-04 15:26:46,148 - __console line:  58] - INFO: 点击下拉选择翻页成功
[2022-01-04 15:26:46,456 - __console line:  58] - INFO: 成功选择每页显示50条数据！
[2022-01-04 15:26:51,688 - __console line:  58] - INFO: 关闭浏览器对象成功！
[2022-01-04 15:26:55,123 - __console line:  58] - INFO: 创建谷歌浏览器对象成功!
[2022-01-04 15:26:55,124 - __console line:  58] - INFO: 创建浏览器对象成功!
[2022-01-04 15:26:56,308 - __console line:  58] - INFO: 打开https://wibot.work/login成功！
[2022-01-04 15:26:57,445 - __console line:  58] - INFO: 点击服务套件成功
[2022-01-04 15:26:57,630 - __console line:  58] - INFO: 点击wibot助理管理成功
[2022-01-04 15:26:57,845 - __console line:  58] - INFO: 滚动条拖动到底部！
[2022-01-04 15:26:57,930 - __console line:  58] - INFO: 点击下拉选择翻页成功
[2022-01-04 15:26:58,242 - __console line:  58] - INFO: 成功选择每页显示50条数据！
[2022-01-04 15:27:03,432 - __console line:  58] - INFO: 关闭浏览器对象成功！
[2022-01-04 15:27:06,871 - __console line:  58] - INFO: 创建谷歌浏览器对象成功!
[2022-01-04 15:27:06,871 - __console line:  58] - INFO: 创建浏览器对象成功!
[2022-01-04 15:27:08,232 - __console line:  58] - INFO: 打开https://wibot.work/login成功！
[2022-01-04 15:27:09,385 - __console line:  58] - INFO: 点击服务套件成功
[2022-01-04 15:27:09,571 - __console line:  58] - INFO: 点击wibot助理管理成功
[2022-01-04 15:27:09,741 - __console line:  58] - INFO: 滚动条拖动到底部！
[2022-01-04 15:27:09,833 - __console line:  58] - INFO: 点击下拉选择翻页成功
[2022-01-04 15:27:10,141 - __console line:  58] - INFO: 成功选择每页显示50条数据！
[2022-01-04 15:27:15,411 - __console line:  58] - INFO: 关闭浏览器对象成功！
[2022-01-04 15:27:18,895 - __console line:  58] - INFO: 创建谷歌浏览器对象成功!
[2022-01-04 15:27:18,896 - __console line:  58] - INFO: 创建浏览器对象成功!
[2022-01-04 15:27:20,333 - __console line:  58] - INFO: 打开https://qdtest.wisight.cn/login成功！
[2022-01-04 15:27:23,563 - __console line:  58] - INFO: 点击服务套件成功
[2022-01-04 15:27:23,743 - __console line:  58] - INFO: 点击qdtest助理管理成功
[2022-01-04 15:27:24,962 - __console line:  58] - INFO: 滚动条拖动到底部！
[2022-01-04 15:27:25,030 - __console line:  58] - INFO: 点击下拉选择翻页成功
[2022-01-04 15:27:25,329 - __console line:  58] - INFO: 成功选择每页显示50条数据！
[2022-01-04 15:27:30,468 - __console line:  58] - INFO: 关闭浏览器对象成功！
[2022-01-04 15:27:33,894 - __console line:  58] - INFO: 创建谷歌浏览器对象成功!
[2022-01-04 15:27:33,895 - __console line:  58] - INFO: 创建浏览器对象成功!
[2022-01-04 15:27:37,189 - __console line:  58] - INFO: 打开https://qdtest.wisight.cn/login成功！
[2022-01-04 15:27:40,224 - __console line:  58] - INFO: 点击服务套件成功
[2022-01-04 15:27:40,421 - __console line:  58] - INFO: 点击qdtest助理管理成功
[2022-01-04 15:27:41,559 - __console line:  58] - INFO: 滚动条拖动到底部！
[2022-01-04 15:27:41,637 - __console line:  58] - INFO: 点击下拉选择翻页成功
[2022-01-04 15:27:41,945 - __console line:  58] - INFO: 成功选择每页显示50条数据！
[2022-01-04 15:27:47,074 - __console line:  58] - INFO: 关闭浏览器对象成功！
[2022-01-04 15:29:21,127 - __console line:  58] - INFO: 创建谷歌浏览器对象成功!
[2022-01-04 15:29:21,128 - __console line:  58] - INFO: 创建浏览器对象成功!
[2022-01-04 15:29:22,487 - __console line:  58] - INFO: 打开https://wibot.work/login成功！
[2022-01-04 15:29:23,719 - __console line:  58] - INFO: 点击服务套件成功
[2022-01-04 15:29:23,936 - __console line:  58] - INFO: 点击wibot助理管理成功
[2022-01-04 15:29:24,163 - __console line:  58] - INFO: 滚动条拖动到底部！
[2022-01-04 15:29:24,231 - __console line:  58] - INFO: 点击下拉选择翻页成功
[2022-01-04 15:29:24,601 - __console line:  58] - INFO: 成功选择每页显示50条数据！
[2022-01-04 15:29:29,864 - __console line:  58] - INFO: 关闭浏览器对象成功！
[2022-01-04 15:29:33,326 - __console line:  58] - INFO: 创建谷歌浏览器对象成功!
[2022-01-04 15:29:33,326 - __console line:  58] - INFO: 创建浏览器对象成功!
[2022-01-04 15:29:34,484 - __console line:  58] - INFO: 打开https://wibot.work/login成功！
[2022-01-04 15:29:35,657 - __console line:  58] - INFO: 点击服务套件成功
[2022-01-04 15:29:35,854 - __console line:  58] - INFO: 点击wibot助理管理成功
[2022-01-04 15:29:36,103 - __console line:  58] - INFO: 滚动条拖动到底部！
[2022-01-04 15:29:36,182 - __console line:  58] - INFO: 点击下拉选择翻页成功
[2022-01-04 15:29:36,486 - __console line:  58] - INFO: 成功选择每页显示50条数据！
[2022-01-04 15:29:41,696 - __console line:  58] - INFO: 关闭浏览器对象成功！
[2022-01-04 15:29:45,158 - __console line:  58] - INFO: 创建谷歌浏览器对象成功!
[2022-01-04 15:29:45,158 - __console line:  58] - INFO: 创建浏览器对象成功!
[2022-01-04 15:29:46,470 - __console line:  58] - INFO: 打开https://wibot.work/login成功！
[2022-01-04 15:29:47,711 - __console line:  58] - INFO: 点击服务套件成功
[2022-01-04 15:29:47,908 - __console line:  58] - INFO: 点击wibot助理管理成功
[2022-01-04 15:29:48,102 - __console line:  58] - INFO: 滚动条拖动到底部！
[2022-01-04 15:29:48,197 - __console line:  58] - INFO: 点击下拉选择翻页成功
[2022-01-04 15:29:48,501 - __console line:  58] - INFO: 成功选择每页显示50条数据！
[2022-01-04 15:29:53,698 - __console line:  58] - INFO: 关闭浏览器对象成功！
[2022-01-04 15:29:57,234 - __console line:  58] - INFO: 创建谷歌浏览器对象成功!
[2022-01-04 15:29:57,235 - __console line:  58] - INFO: 创建浏览器对象成功!
[2022-01-04 15:29:58,953 - __console line:  58] - INFO: 打开https://wibot.work/login成功！
[2022-01-04 15:30:00,128 - __console line:  58] - INFO: 点击服务套件成功
[2022-01-04 15:30:00,334 - __console line:  58] - INFO: 点击wibot助理管理成功
[2022-01-04 15:30:00,515 - __console line:  58] - INFO: 滚动条拖动到底部！
[2022-01-04 15:30:00,603 - __console line:  58] - INFO: 点击下拉选择翻页成功
[2022-01-04 15:30:00,901 - __console line:  58] - INFO: 成功选择每页显示50条数据！
[2022-01-04 15:30:06,114 - __console line:  58] - INFO: 关闭浏览器对象成功！
[2022-01-04 15:30:09,527 - __console line:  58] - INFO: 创建谷歌浏览器对象成功!
[2022-01-04 15:30:09,528 - __console line:  58] - INFO: 创建浏览器对象成功!
[2022-01-04 15:30:11,698 - __console line:  58] - INFO: 打开https://qdtest.wisight.cn/login成功！
[2022-01-04 15:30:14,586 - __console line:  58] - INFO: 点击服务套件成功
[2022-01-04 15:30:14,734 - __console line:  58] - INFO: 点击qdtest助理管理成功
[2022-01-04 15:30:16,045 - __console line:  58] - INFO: 滚动条拖动到底部！
[2022-01-04 15:30:16,128 - __console line:  58] - INFO: 点击下拉选择翻页成功
[2022-01-04 15:30:16,437 - __console line:  58] - INFO: 成功选择每页显示50条数据！
[2022-01-04 15:30:21,590 - __console line:  58] - INFO: 关闭浏览器对象成功！
[2022-01-04 15:30:25,047 - __console line:  58] - INFO: 创建谷歌浏览器对象成功!
[2022-01-04 15:30:25,048 - __console line:  58] - INFO: 创建浏览器对象成功!
[2022-01-04 15:30:42,362 - __console line:  58] - INFO: 打开https://qdtest.wisight.cn/login成功！
[2022-01-04 15:30:45,355 - __console line:  58] - INFO: 点击服务套件成功
[2022-01-04 15:30:45,548 - __console line:  58] - INFO: 点击qdtest助理管理成功
[2022-01-04 15:30:46,838 - __console line:  58] - INFO: 滚动条拖动到底部！
[2022-01-04 15:30:46,922 - __console line:  58] - INFO: 点击下拉选择翻页成功
[2022-01-04 15:30:57,417 - __console line:  58] - INFO: 截图方法调用---成功！
[2022-01-04 15:31:02,513 - __console line:  58] - INFO: 关闭浏览器对象成功！
[2022-01-04 15:32:34,465 - __console line:  58] - INFO: 创建谷歌浏览器对象成功!
[2022-01-04 15:32:34,466 - __console line:  58] - INFO: 创建浏览器对象成功!
[2022-01-04 15:32:36,237 - __console line:  58] - INFO: 打开https://wibot.work/login成功！
[2022-01-04 15:32:37,502 - __console line:  58] - INFO: 点击服务套件成功
[2022-01-04 15:32:37,718 - __console line:  58] - INFO: 点击wibot助理管理成功
[2022-01-04 15:32:37,915 - __console line:  58] - INFO: 滚动条拖动到底部！
[2022-01-04 15:32:37,985 - __console line:  58] - INFO: 点击下拉选择翻页成功
[2022-01-04 15:32:38,355 - __console line:  58] - INFO: 成功选择每页显示50条数据！
[2022-01-04 15:32:43,597 - __console line:  58] - INFO: 关闭浏览器对象成功！
[2022-01-04 15:32:47,029 - __console line:  58] - INFO: 创建谷歌浏览器对象成功!
[2022-01-04 15:32:47,030 - __console line:  58] - INFO: 创建浏览器对象成功!
[2022-01-04 15:32:48,776 - __console line:  58] - INFO: 打开https://wibot.work/login成功！
[2022-01-04 15:32:50,157 - __console line:  58] - INFO: 点击服务套件成功
[2022-01-04 15:32:50,370 - __console line:  58] - INFO: 点击wibot助理管理成功
[2022-01-04 15:32:50,568 - __console line:  58] - INFO: 滚动条拖动到底部！
[2022-01-04 15:33:15,823 - __console line:  58] - INFO: 创建谷歌浏览器对象成功!
[2022-01-04 15:33:15,824 - __console line:  58] - INFO: 创建浏览器对象成功!
[2022-01-04 15:33:16,956 - __console line:  58] - INFO: 打开https://wibot.work/login成功！
[2022-01-04 15:33:16,961 - __console line:  64] - ERROR: 截图方法调用--失败！
[2022-01-04 15:33:16,967 - __console line:  64] - ERROR: 截图方法调用--失败！
[2022-01-04 15:33:16,974 - __console line:  64] - ERROR: 截图方法调用--失败！
[2022-01-04 15:33:16,986 - __console line:  64] - ERROR: 截图方法调用--失败！
[2022-01-04 15:33:16,992 - __console line:  64] - ERROR: 截图方法调用--失败！
[2022-01-04 15:33:16,996 - __console line:  58] - INFO: 关闭浏览器对象成功！
[2022-01-04 16:32:49,342 - __console line:  58] - INFO: 创建谷歌浏览器对象成功!
[2022-01-04 16:32:49,343 - __console line:  58] - INFO: 创建浏览器对象成功!
[2022-01-04 16:32:51,184 - __console line:  58] - INFO: 打开https://qdtest.wisight.cn/login成功！
[2022-01-04 16:32:54,079 - __console line:  58] - INFO: 点击服务套件成功
[2022-01-04 16:32:54,271 - __console line:  58] - INFO: 点击群组管理成功
[2022-01-04 16:32:55,616 - __console line:  58] - INFO: 滚动条拖动到底部！
[2022-01-04 16:32:55,697 - __console line:  58] - INFO: 点击下拉选择翻页成功
[2022-01-04 16:32:56,052 - __console line:  58] - INFO: 成功选择每页显示50条数据！
[2022-01-04 16:33:01,980 - __console line:  58] - INFO: 关闭浏览器对象成功！
[2022-01-04 16:33:05,395 - __console line:  58] - INFO: 创建谷歌浏览器对象成功!
[2022-01-04 16:33:05,396 - __console line:  58] - INFO: 创建浏览器对象成功!
[2022-01-04 16:33:08,337 - __console line:  58] - INFO: 打开https://qdtest.wisight.cn/login成功！
[2022-01-04 16:33:11,112 - __console line:  58] - INFO: 点击服务套件成功
[2022-01-04 16:33:11,288 - __console line:  58] - INFO: 点击群组管理成功
[2022-01-04 16:33:12,541 - __console line:  58] - INFO: 滚动条拖动到底部！
[2022-01-04 16:33:12,617 - __console line:  58] - INFO: 点击下拉选择翻页成功
[2022-01-04 16:33:12,948 - __console line:  58] - INFO: 成功选择每页显示50条数据！
[2022-01-04 16:34:33,710 - __console line:  58] - INFO: 创建谷歌浏览器对象成功!
[2022-01-04 16:34:33,712 - __console line:  58] - INFO: 创建浏览器对象成功!
[2022-01-04 16:34:35,914 - __console line:  58] - INFO: 打开https://qdtest.wisight.cn/login成功！
[2022-01-04 16:35:07,927 - __console line:  58] - INFO: 创建谷歌浏览器对象成功!
[2022-01-04 16:35:07,928 - __console line:  58] - INFO: 创建浏览器对象成功!
[2022-01-04 16:35:10,707 - __console line:  58] - INFO: 打开https://qdtest.wisight.cn/login成功！
[2022-01-04 16:35:13,577 - __console line:  58] - INFO: 点击服务套件成功
[2022-01-04 16:35:13,737 - __console line:  58] - INFO: 点击群组管理成功
[2022-01-04 16:35:15,076 - __console line:  58] - INFO: 滚动条拖动到底部！
[2022-01-04 16:35:15,150 - __console line:  58] - INFO: 点击下拉选择翻页成功
[2022-01-04 16:35:15,481 - __console line:  58] - INFO: 成功选择每页显示50条数据！
[2022-01-04 16:35:21,261 - __console line:  58] - INFO: 关闭浏览器对象成功！
[2022-01-04 16:35:24,722 - __console line:  58] - INFO: 创建谷歌浏览器对象成功!
[2022-01-04 16:35:24,723 - __console line:  58] - INFO: 创建浏览器对象成功!
[2022-01-04 16:35:26,932 - __console line:  58] - INFO: 打开https://qdtest.wisight.cn/login成功！
[2022-01-04 16:35:29,771 - __console line:  58] - INFO: 点击服务套件成功
[2022-01-04 16:35:29,959 - __console line:  58] - INFO: 点击群组管理成功
[2022-01-04 16:35:31,156 - __console line:  58] - INFO: 滚动条拖动到底部！
[2022-01-04 16:35:31,236 - __console line:  58] - INFO: 点击下拉选择翻页成功
[2022-01-04 16:35:31,567 - __console line:  58] - INFO: 成功选择每页显示50条数据！
[2022-01-04 16:35:36,834 - __console line:  58] - INFO: 关闭浏览器对象成功！
[2022-01-04 16:35:40,299 - __console line:  58] - INFO: 创建谷歌浏览器对象成功!
[2022-01-04 16:35:40,300 - __console line:  58] - INFO: 创建浏览器对象成功!
[2022-01-04 16:35:41,811 - __console line:  58] - INFO: 打开https://wibot.work/login成功！
[2022-01-04 16:35:42,985 - __console line:  58] - INFO: 点击服务套件成功
[2022-01-04 16:35:43,202 - __console line:  58] - INFO: 点击群组管理成功
[2022-01-04 16:35:43,387 - __console line:  58] - INFO: 滚动条拖动到底部！
[2022-01-04 16:35:43,452 - __console line:  58] - INFO: 点击下拉选择翻页成功
[2022-01-04 16:35:43,851 - __console line:  58] - INFO: 成功选择每页显示50条数据！
[2022-01-04 16:35:47,173 - __console line:  58] - INFO: 关闭浏览器对象成功！
[2022-01-04 16:35:50,966 - __console line:  58] - INFO: 创建谷歌浏览器对象成功!
[2022-01-04 16:35:50,967 - __console line:  58] - INFO: 创建浏览器对象成功!
[2022-01-04 16:35:52,473 - __console line:  58] - INFO: 打开https://wibot.work/login成功！
[2022-01-04 16:35:53,714 - __console line:  58] - INFO: 点击服务套件成功
[2022-01-04 16:35:53,945 - __console line:  58] - INFO: 点击群组管理成功
[2022-01-04 16:35:54,240 - __console line:  58] - INFO: 滚动条拖动到底部！
[2022-01-04 16:35:54,324 - __console line:  58] - INFO: 点击下拉选择翻页成功
[2022-01-04 16:35:54,715 - __console line:  58] - INFO: 成功选择每页显示50条数据！
[2022-01-04 16:35:58,153 - __console line:  58] - INFO: 关闭浏览器对象成功！
[2022-01-04 16:36:01,663 - __console line:  58] - INFO: 创建谷歌浏览器对象成功!
[2022-01-04 16:36:01,664 - __console line:  58] - INFO: 创建浏览器对象成功!
[2022-01-04 16:36:03,903 - __console line:  58] - INFO: 打开https://wibot.work/login成功！
[2022-01-04 16:36:05,039 - __console line:  58] - INFO: 点击服务套件成功
[2022-01-04 16:36:05,218 - __console line:  58] - INFO: 点击群组管理成功
[2022-01-04 16:36:05,403 - __console line:  58] - INFO: 滚动条拖动到底部！
[2022-01-04 16:36:05,462 - __console line:  58] - INFO: 点击下拉选择翻页成功
[2022-01-04 16:36:05,789 - __console line:  58] - INFO: 成功选择每页显示50条数据！
[2022-01-04 16:36:09,044 - __console line:  58] - INFO: 关闭浏览器对象成功！
[2022-01-04 16:41:00,902 - __console line:  58] - INFO: 创建谷歌浏览器对象成功!
[2022-01-04 16:41:00,903 - __console line:  58] - INFO: 创建浏览器对象成功!
[2022-01-04 16:41:02,590 - __console line:  58] - INFO: 打开https://wibot.work/login成功！
[2022-01-04 16:41:03,789 - __console line:  58] - INFO: 点击服务套件成功
[2022-01-04 16:41:03,961 - __console line:  58] - INFO: 点击wibot助理管理成功
[2022-01-04 16:41:04,154 - __console line:  58] - INFO: 滚动条拖动到底部！
[2022-01-04 16:41:04,225 - __console line:  58] - INFO: 点击下拉选择翻页成功
[2022-01-04 16:41:04,566 - __console line:  58] - INFO: 成功选择每页显示50条数据！
[2022-01-04 16:41:09,843 - __console line:  58] - INFO: 关闭浏览器对象成功！
[2022-01-04 16:41:13,314 - __console line:  58] - INFO: 创建谷歌浏览器对象成功!
[2022-01-04 16:41:13,315 - __console line:  58] - INFO: 创建浏览器对象成功!
[2022-01-04 16:41:14,728 - __console line:  58] - INFO: 打开https://wibot.work/login成功！
[2022-01-04 16:41:15,878 - __console line:  58] - INFO: 点击服务套件成功
[2022-01-04 16:41:16,117 - __console line:  58] - INFO: 点击wibot助理管理成功
[2022-01-04 16:41:16,321 - __console line:  58] - INFO: 滚动条拖动到底部！
[2022-01-04 16:41:16,413 - __console line:  58] - INFO: 点击下拉选择翻页成功
[2022-01-04 16:41:16,775 - __console line:  58] - INFO: 成功选择每页显示50条数据！
[2022-01-04 16:41:22,017 - __console line:  58] - INFO: 关闭浏览器对象成功！
[2022-01-04 16:41:25,461 - __console line:  58] - INFO: 创建谷歌浏览器对象成功!
[2022-01-04 16:41:25,461 - __console line:  58] - INFO: 创建浏览器对象成功!
[2022-01-04 16:41:26,834 - __console line:  58] - INFO: 打开https://wibot.work/login成功！
[2022-01-04 16:41:28,106 - __console line:  58] - INFO: 点击服务套件成功
[2022-01-04 16:41:28,326 - __console line:  58] - INFO: 点击wibot助理管理成功
[2022-01-04 16:41:28,496 - __console line:  58] - INFO: 滚动条拖动到底部！
[2022-01-04 16:41:28,580 - __console line:  58] - INFO: 点击下拉选择翻页成功
[2022-01-04 16:41:28,880 - __console line:  58] - INFO: 成功选择每页显示50条数据！
[2022-01-04 16:41:34,119 - __console line:  58] - INFO: 关闭浏览器对象成功！
[2022-01-04 16:41:37,557 - __console line:  58] - INFO: 创建谷歌浏览器对象成功!
[2022-01-04 16:41:37,558 - __console line:  58] - INFO: 创建浏览器对象成功!
[2022-01-04 16:41:38,816 - __console line:  58] - INFO: 打开https://wibot.work/login成功！
[2022-01-04 16:41:39,983 - __console line:  58] - INFO: 点击服务套件成功
[2022-01-04 16:41:40,173 - __console line:  58] - INFO: 点击wibot助理管理成功
[2022-01-04 16:41:40,357 - __console line:  58] - INFO: 滚动条拖动到底部！
[2022-01-04 16:41:40,452 - __console line:  58] - INFO: 点击下拉选择翻页成功
[2022-01-04 16:41:40,754 - __console line:  58] - INFO: 成功选择每页显示50条数据！
[2022-01-04 16:41:45,998 - __console line:  58] - INFO: 关闭浏览器对象成功！
[2022-01-04 16:41:49,454 - __console line:  58] - INFO: 创建谷歌浏览器对象成功!
[2022-01-04 16:41:49,455 - __console line:  58] - INFO: 创建浏览器对象成功!
[2022-01-04 16:41:50,977 - __console line:  58] - INFO: 打开https://qdtest.wisight.cn/login成功！
[2022-01-04 16:41:54,260 - __console line:  58] - INFO: 点击服务套件成功
[2022-01-04 16:41:54,444 - __console line:  58] - INFO: 点击qdtest助理管理成功
[2022-01-04 16:41:55,738 - __console line:  58] - INFO: 滚动条拖动到底部！
[2022-01-04 16:41:55,813 - __console line:  58] - INFO: 点击下拉选择翻页成功
[2022-01-04 16:41:56,123 - __console line:  58] - INFO: 成功选择每页显示50条数据！
[2022-01-04 16:42:01,260 - __console line:  58] - INFO: 关闭浏览器对象成功！
[2022-01-04 16:42:04,681 - __console line:  58] - INFO: 创建谷歌浏览器对象成功!
[2022-01-04 16:42:04,682 - __console line:  58] - INFO: 创建浏览器对象成功!
[2022-01-04 16:42:06,231 - __console line:  58] - INFO: 打开https://qdtest.wisight.cn/login成功！
[2022-01-04 16:42:09,031 - __console line:  58] - INFO: 点击服务套件成功
[2022-01-04 16:42:09,228 - __console line:  58] - INFO: 点击qdtest助理管理成功
[2022-01-04 16:42:10,444 - __console line:  58] - INFO: 滚动条拖动到底部！
[2022-01-04 16:42:10,523 - __console line:  58] - INFO: 点击下拉选择翻页成功
[2022-01-04 16:42:10,829 - __console line:  58] - INFO: 成功选择每页显示50条数据！
[2022-01-04 16:42:15,948 - __console line:  58] - INFO: 关闭浏览器对象成功！
[2022-01-04 16:43:57,840 - __console line:  58] - INFO: 创建谷歌浏览器对象成功!
[2022-01-04 16:43:57,842 - __console line:  58] - INFO: 创建浏览器对象成功!
[2022-01-04 16:43:59,261 - __console line:  58] - INFO: 打开https://wibot.work/login成功！
[2022-01-04 16:44:00,377 - __console line:  58] - INFO: 点击服务套件成功
[2022-01-04 16:44:00,566 - __console line:  58] - INFO: 点击wibot助理管理成功
[2022-01-04 16:44:00,786 - __console line:  58] - INFO: 滚动条拖动到底部！
[2022-01-04 16:44:00,847 - __console line:  58] - INFO: 点击下拉选择翻页成功
[2022-01-04 16:44:01,213 - __console line:  58] - INFO: 成功选择每页显示50条数据！
[2022-01-04 16:44:06,488 - __console line:  58] - INFO: 关闭浏览器对象成功！
[2022-01-04 16:44:09,925 - __console line:  58] - INFO: 创建谷歌浏览器对象成功!
[2022-01-04 16:44:09,925 - __console line:  58] - INFO: 创建浏览器对象成功!
[2022-01-04 16:44:10,951 - __console line:  58] - INFO: 打开https://wibot.work/login成功！
[2022-01-04 16:44:12,083 - __console line:  58] - INFO: 点击服务套件成功
[2022-01-04 16:44:12,305 - __console line:  58] - INFO: 点击wibot助理管理成功
[2022-01-04 16:44:12,479 - __console line:  58] - INFO: 滚动条拖动到底部！
[2022-01-04 16:44:12,574 - __console line:  58] - INFO: 点击下拉选择翻页成功
[2022-01-04 16:44:12,932 - __console line:  58] - INFO: 成功选择每页显示50条数据！
[2022-01-04 16:45:54,044 - __console line:  58] - INFO: 创建谷歌浏览器对象成功!
[2022-01-04 16:45:54,045 - __console line:  58] - INFO: 创建浏览器对象成功!
[2022-01-04 16:45:55,273 - __console line:  58] - INFO: 打开https://wibot.work/login成功！
[2022-01-04 16:45:56,473 - __console line:  58] - INFO: 点击服务套件成功
[2022-01-04 16:45:56,683 - __console line:  58] - INFO: 点击wibot助理管理成功
[2022-01-04 16:45:56,915 - __console line:  58] - INFO: 滚动条拖动到底部！
[2022-01-04 16:45:57,013 - __console line:  58] - INFO: 点击下拉选择翻页成功
[2022-01-04 16:45:57,341 - __console line:  58] - INFO: 成功选择每页显示50条数据！
[2022-01-04 16:46:02,557 - __console line:  58] - INFO: 关闭浏览器对象成功！
[2022-01-04 16:46:05,971 - __console line:  58] - INFO: 创建谷歌浏览器对象成功!
[2022-01-04 16:46:05,972 - __console line:  58] - INFO: 创建浏览器对象成功!
[2022-01-04 16:46:07,329 - __console line:  58] - INFO: 打开https://wibot.work/login成功！
[2022-01-04 16:46:08,491 - __console line:  58] - INFO: 点击服务套件成功
[2022-01-04 16:46:08,711 - __console line:  58] - INFO: 点击wibot助理管理成功
[2022-01-04 16:46:42,111 - __console line:  58] - INFO: 创建谷歌浏览器对象成功!
[2022-01-04 16:46:42,112 - __console line:  58] - INFO: 创建浏览器对象成功!
[2022-01-04 16:46:43,211 - __console line:  58] - INFO: 打开https://wibot.work/login成功！
[2022-01-04 16:46:44,341 - __console line:  58] - INFO: 点击服务套件成功
[2022-01-04 16:46:44,535 - __console line:  58] - INFO: 点击wibot助理管理成功
[2022-01-04 16:46:44,701 - __console line:  58] - INFO: 滚动条拖动到底部！
[2022-01-04 16:46:44,755 - __console line:  58] - INFO: 点击下拉选择翻页成功
[2022-01-04 16:46:45,133 - __console line:  58] - INFO: 成功选择每页显示50条数据！
[2022-01-04 16:46:51,374 - __console line:  58] - INFO: 创建谷歌浏览器对象成功!
[2022-01-04 16:46:51,375 - __console line:  58] - INFO: 创建浏览器对象成功!
[2022-01-04 16:46:52,829 - __console line:  58] - INFO: 打开https://wibot.work/login成功！
[2022-01-04 16:46:53,980 - __console line:  58] - INFO: 点击服务套件成功
[2022-01-04 16:46:54,170 - __console line:  58] - INFO: 点击wibot助理管理成功
[2022-01-04 16:46:54,407 - __console line:  58] - INFO: 滚动条拖动到底部！
[2022-01-04 16:46:54,467 - __console line:  58] - INFO: 点击下拉选择翻页成功
[2022-01-04 16:46:54,802 - __console line:  58] - INFO: 成功选择每页显示50条数据！
[2022-01-04 16:47:00,145 - __console line:  58] - INFO: 关闭浏览器对象成功！
[2022-01-04 16:47:11,265 - __console line:  58] - INFO: 创建谷歌浏览器对象成功!
[2022-01-04 16:47:11,266 - __console line:  58] - INFO: 创建浏览器对象成功!
[2022-01-04 16:47:12,655 - __console line:  58] - INFO: 打开https://wibot.work/login成功！
[2022-01-04 16:47:13,776 - __console line:  58] - INFO: 点击服务套件成功
[2022-01-04 16:47:13,968 - __console line:  58] - INFO: 点击wibot助理管理成功
[2022-01-04 16:47:14,149 - __console line:  58] - INFO: 滚动条拖动到底部！
[2022-01-04 16:47:14,214 - __console line:  58] - INFO: 点击下拉选择翻页成功
[2022-01-04 16:47:14,585 - __console line:  58] - INFO: 成功选择每页显示50条数据！
[2022-01-04 16:47:19,867 - __console line:  58] - INFO: 关闭浏览器对象成功！
[2022-01-04 16:47:30,999 - __console line:  58] - INFO: 创建谷歌浏览器对象成功!
[2022-01-04 16:47:31,000 - __console line:  58] - INFO: 创建浏览器对象成功!
[2022-01-04 16:47:32,174 - __console line:  58] - INFO: 打开https://wibot.work/login成功！
[2022-01-04 16:47:33,694 - __console line:  58] - INFO: 点击服务套件成功
[2022-01-04 16:47:33,887 - __console line:  58] - INFO: 点击wibot助理管理成功
[2022-01-04 16:47:34,100 - __console line:  58] - INFO: 滚动条拖动到底部！
[2022-01-04 16:47:34,167 - __console line:  58] - INFO: 点击下拉选择翻页成功
[2022-01-04 16:47:34,540 - __console line:  58] - INFO: 成功选择每页显示50条数据！
[2022-01-04 16:47:39,765 - __console line:  58] - INFO: 关闭浏览器对象成功！
[2022-01-04 16:47:43,189 - __console line:  58] - INFO: 创建谷歌浏览器对象成功!
[2022-01-04 16:47:43,190 - __console line:  58] - INFO: 创建浏览器对象成功!
[2022-01-04 16:47:44,285 - __console line:  58] - INFO: 打开https://wibot.work/login成功！
[2022-01-04 16:47:45,448 - __console line:  58] - INFO: 点击服务套件成功
[2022-01-04 16:47:45,671 - __console line:  58] - INFO: 点击wibot助理管理成功
[2022-01-04 16:47:45,832 - __console line:  58] - INFO: 滚动条拖动到底部！
[2022-01-04 16:47:45,897 - __console line:  58] - INFO: 点击下拉选择翻页成功
[2022-01-04 16:47:46,230 - __console line:  58] - INFO: 成功选择每页显示50条数据！
[2022-01-04 16:47:51,363 - __console line:  58] - INFO: 关闭浏览器对象成功！
[2022-01-04 16:47:54,784 - __console line:  58] - INFO: 创建谷歌浏览器对象成功!
[2022-01-04 16:47:54,784 - __console line:  58] - INFO: 创建浏览器对象成功!
[2022-01-04 16:47:55,836 - __console line:  58] - INFO: 打开https://wibot.work/login成功！
[2022-01-04 16:47:57,001 - __console line:  58] - INFO: 点击服务套件成功
[2022-01-04 16:47:57,251 - __console line:  58] - INFO: 点击wibot助理管理成功
[2022-01-04 16:47:57,446 - __console line:  58] - INFO: 滚动条拖动到底部！
[2022-01-04 16:47:57,528 - __console line:  58] - INFO: 点击下拉选择翻页成功
[2022-01-04 16:47:57,822 - __console line:  58] - INFO: 成功选择每页显示50条数据！
[2022-01-04 16:48:03,030 - __console line:  58] - INFO: 关闭浏览器对象成功！
[2022-01-04 16:48:06,459 - __console line:  58] - INFO: 创建谷歌浏览器对象成功!
[2022-01-04 16:48:06,460 - __console line:  58] - INFO: 创建浏览器对象成功!
[2022-01-04 16:48:07,900 - __console line:  58] - INFO: 打开https://wibot.work/login成功！
[2022-01-04 16:48:09,081 - __console line:  58] - INFO: 点击服务套件成功
[2022-01-04 16:48:09,287 - __console line:  58] - INFO: 点击wibot助理管理成功
[2022-01-04 16:48:09,468 - __console line:  58] - INFO: 滚动条拖动到底部！
[2022-01-04 16:48:09,556 - __console line:  58] - INFO: 点击下拉选择翻页成功
[2022-01-04 16:48:09,857 - __console line:  58] - INFO: 成功选择每页显示50条数据！
[2022-01-04 16:48:15,103 - __console line:  58] - INFO: 关闭浏览器对象成功！
[2022-01-04 16:48:18,546 - __console line:  58] - INFO: 创建谷歌浏览器对象成功!
[2022-01-04 16:48:18,546 - __console line:  58] - INFO: 创建浏览器对象成功!
[2022-01-04 16:48:20,570 - __console line:  58] - INFO: 打开https://qdtest.wisight.cn/login成功！
[2022-01-04 16:48:23,957 - __console line:  58] - INFO: 点击服务套件成功
[2022-01-04 16:48:24,135 - __console line:  58] - INFO: 点击qdtest助理管理成功
[2022-01-04 16:48:25,389 - __console line:  58] - INFO: 滚动条拖动到底部！
[2022-01-04 16:48:25,460 - __console line:  58] - INFO: 点击下拉选择翻页成功
[2022-01-04 16:48:25,773 - __console line:  58] - INFO: 成功选择每页显示50条数据！
[2022-01-04 16:48:30,891 - __console line:  58] - INFO: 关闭浏览器对象成功！
[2022-01-04 16:48:34,345 - __console line:  58] - INFO: 创建谷歌浏览器对象成功!
[2022-01-04 16:48:34,345 - __console line:  58] - INFO: 创建浏览器对象成功!
[2022-01-04 16:48:35,662 - __console line:  58] - INFO: 打开https://qdtest.wisight.cn/login成功！
[2022-01-04 16:48:38,440 - __console line:  58] - INFO: 点击服务套件成功
[2022-01-04 16:48:38,620 - __console line:  58] - INFO: 点击qdtest助理管理成功
[2022-01-04 16:48:39,797 - __console line:  58] - INFO: 滚动条拖动到底部！
[2022-01-04 16:48:39,869 - __console line:  58] - INFO: 点击下拉选择翻页成功
[2022-01-04 16:48:40,186 - __console line:  58] - INFO: 成功选择每页显示50条数据！
[2022-01-04 16:48:45,307 - __console line:  58] - INFO: 关闭浏览器对象成功！
[2022-01-04 16:50:30,964 - __console line:  58] - INFO: 创建谷歌浏览器对象成功!
[2022-01-04 16:50:30,965 - __console line:  58] - INFO: 创建浏览器对象成功!
[2022-01-04 16:50:32,384 - __console line:  58] - INFO: 打开https://wibot.work/login成功！
[2022-01-04 16:50:33,607 - __console line:  58] - INFO: 点击服务套件成功
[2022-01-04 16:50:33,840 - __console line:  58] - INFO: 点击wibot助理管理成功
[2022-01-04 16:50:34,066 - __console line:  58] - INFO: 滚动条拖动到底部！
[2022-01-04 16:50:34,127 - __console line:  58] - INFO: 点击下拉选择翻页成功
[2022-01-04 16:50:34,485 - __console line:  58] - INFO: 成功选择每页显示50条数据！
[2022-01-04 16:50:39,721 - __console line:  58] - INFO: 关闭浏览器对象成功！
[2022-01-04 16:51:20,432 - __console line:  58] - INFO: 创建谷歌浏览器对象成功!
[2022-01-04 16:51:20,433 - __console line:  58] - INFO: 创建浏览器对象成功!
[2022-01-04 16:51:22,111 - __console line:  58] - INFO: 打开https://wibot.work/login成功！
[2022-01-04 16:51:23,388 - __console line:  58] - INFO: 点击服务套件成功
[2022-01-04 16:51:23,577 - __console line:  58] - INFO: 点击wibot助理管理成功
[2022-01-04 16:51:23,801 - __console line:  58] - INFO: 滚动条拖动到底部！
[2022-01-04 16:51:23,861 - __console line:  58] - INFO: 点击下拉选择翻页成功
[2022-01-04 16:51:24,222 - __console line:  58] - INFO: 成功选择每页显示50条数据！
[2022-01-04 16:51:29,481 - __console line:  58] - INFO: 关闭浏览器对象成功！
[2022-01-04 16:53:27,761 - __console line:  58] - INFO: 创建谷歌浏览器对象成功!
[2022-01-04 16:53:27,762 - __console line:  58] - INFO: 创建浏览器对象成功!
[2022-01-04 16:53:28,983 - __console line:  58] - INFO: 打开https://wibot.work/login成功！
[2022-01-04 16:53:30,174 - __console line:  58] - INFO: 点击服务套件成功
[2022-01-04 16:53:30,359 - __console line:  58] - INFO: 点击wibot助理管理成功
[2022-01-04 16:53:30,554 - __console line:  58] - INFO: 滚动条拖动到底部！
[2022-01-04 16:53:30,623 - __console line:  58] - INFO: 点击下拉选择翻页成功
[2022-01-04 16:53:31,004 - __console line:  58] - INFO: 成功选择每页显示50条数据！
[2022-01-04 16:53:48,212 - __console line:  58] - INFO: 关闭浏览器对象成功！
[2022-01-04 16:53:51,565 - __console line:  58] - INFO: 创建谷歌浏览器对象成功!
[2022-01-04 16:53:51,565 - __console line:  58] - INFO: 创建浏览器对象成功!
[2022-01-04 16:53:52,909 - __console line:  58] - INFO: 打开https://wibot.work/login成功！
[2022-01-04 16:53:54,068 - __console line:  58] - INFO: 点击服务套件成功
[2022-01-04 16:53:54,265 - __console line:  58] - INFO: 点击wibot助理管理成功
[2022-01-04 16:53:54,451 - __console line:  58] - INFO: 滚动条拖动到底部！
[2022-01-04 16:53:54,529 - __console line:  58] - INFO: 点击下拉选择翻页成功
[2022-01-04 16:53:54,907 - __console line:  58] - INFO: 成功选择每页显示50条数据！
[2022-01-04 16:54:00,085 - __console line:  58] - INFO: 关闭浏览器对象成功！
[2022-01-04 16:54:03,475 - __console line:  58] - INFO: 创建谷歌浏览器对象成功!
[2022-01-04 16:54:03,476 - __console line:  58] - INFO: 创建浏览器对象成功!
[2022-01-04 16:54:04,781 - __console line:  58] - INFO: 打开https://wibot.work/login成功！
[2022-01-04 16:54:09,209 - __console line:  64] - ERROR: 截图方法调用--失败！
[2022-01-04 16:54:30,229 - __console line:  58] - INFO: 创建谷歌浏览器对象成功!
[2022-01-04 16:54:30,230 - __console line:  58] - INFO: 创建浏览器对象成功!
[2022-01-04 16:54:31,652 - __console line:  58] - INFO: 打开https://wibot.work/login成功！
[2022-01-04 16:54:32,759 - __console line:  58] - INFO: 点击服务套件成功
[2022-01-04 16:54:32,955 - __console line:  58] - INFO: 点击wibot助理管理成功
[2022-01-04 16:54:33,149 - __console line:  58] - INFO: 滚动条拖动到底部！
[2022-01-04 16:54:33,214 - __console line:  58] - INFO: 点击下拉选择翻页成功
[2022-01-04 16:54:33,559 - __console line:  58] - INFO: 成功选择每页显示50条数据！
[2022-01-04 16:54:33,592 - __console line:  64] - ERROR: 截图方法调用--失败！
[2022-01-04 16:54:38,831 - __console line:  58] - INFO: 关闭浏览器对象成功！
[2022-01-04 16:54:42,298 - __console line:  58] - INFO: 创建谷歌浏览器对象成功!
[2022-01-04 16:54:42,298 - __console line:  58] - INFO: 创建浏览器对象成功!
[2022-01-04 16:54:43,473 - __console line:  58] - INFO: 打开https://wibot.work/login成功！
[2022-01-04 16:54:44,587 - __console line:  58] - INFO: 点击服务套件成功
[2022-01-04 16:54:44,813 - __console line:  58] - INFO: 点击wibot助理管理成功
[2022-01-04 16:54:44,960 - __console line:  58] - INFO: 滚动条拖动到底部！
[2022-01-04 16:54:45,015 - __console line:  58] - INFO: 点击下拉选择翻页成功
[2022-01-04 16:54:46,325 - __console line:  58] - INFO: 截图方法调用---成功！
[2022-01-04 16:54:51,488 - __console line:  58] - INFO: 关闭浏览器对象成功！
[2022-01-04 16:54:54,911 - __console line:  58] - INFO: 创建谷歌浏览器对象成功!
[2022-01-04 16:54:54,911 - __console line:  58] - INFO: 创建浏览器对象成功!
[2022-01-04 16:54:56,319 - __console line:  58] - INFO: 打开https://wibot.work/login成功！
[2022-01-04 16:54:57,410 - __console line:  58] - INFO: 点击服务套件成功
[2022-01-04 16:54:57,613 - __console line:  58] - INFO: 点击wibot助理管理成功
[2022-01-04 16:54:57,839 - __console line:  58] - INFO: 滚动条拖动到底部！
[2022-01-04 16:54:57,925 - __console line:  58] - INFO: 点击下拉选择翻页成功
[2022-01-04 16:54:57,999 - __console line:  64] - ERROR: 截图方法调用--失败！
[2022-01-04 16:54:58,224 - __console line:  58] - INFO: 成功选择每页显示50条数据！
[2022-01-04 16:55:03,445 - __console line:  58] - INFO: 关闭浏览器对象成功！
[2022-01-04 16:55:06,874 - __console line:  58] - INFO: 创建谷歌浏览器对象成功!
[2022-01-04 16:55:06,875 - __console line:  58] - INFO: 创建浏览器对象成功!
[2022-01-04 16:55:08,074 - __console line:  58] - INFO: 打开https://wibot.work/login成功！
[2022-01-04 16:55:09,173 - __console line:  58] - INFO: 点击服务套件成功
[2022-01-04 16:55:09,378 - __console line:  58] - INFO: 点击wibot助理管理成功
[2022-01-04 16:55:09,555 - __console line:  58] - INFO: 滚动条拖动到底部！
[2022-01-04 16:55:09,629 - __console line:  58] - INFO: 点击下拉选择翻页成功
[2022-01-04 16:55:09,937 - __console line:  58] - INFO: 成功选择每页显示50条数据！
[2022-01-04 16:55:15,142 - __console line:  58] - INFO: 关闭浏览器对象成功！
[2022-01-04 16:55:18,576 - __console line:  58] - INFO: 创建谷歌浏览器对象成功!
[2022-01-04 16:55:18,577 - __console line:  58] - INFO: 创建浏览器对象成功!
[2022-01-04 16:55:20,341 - __console line:  58] - INFO: 打开https://qdtest.wisight.cn/login成功！
[2022-01-04 16:55:22,413 - __console line:  64] - ERROR: 截图方法调用--失败！
[2022-01-04 16:55:23,723 - __console line:  58] - INFO: 点击服务套件成功
[2022-01-04 16:55:23,899 - __console line:  58] - INFO: 点击qdtest助理管理成功
[2022-01-04 16:55:25,080 - __console line:  58] - INFO: 滚动条拖动到底部！
[2022-01-04 16:55:25,149 - __console line:  58] - INFO: 点击下拉选择翻页成功
[2022-01-04 16:55:25,463 - __console line:  58] - INFO: 成功选择每页显示50条数据！
[2022-01-04 16:55:30,583 - __console line:  58] - INFO: 关闭浏览器对象成功！
[2022-01-04 16:55:34,019 - __console line:  58] - INFO: 创建谷歌浏览器对象成功!
[2022-01-04 16:55:34,020 - __console line:  58] - INFO: 创建浏览器对象成功!
[2022-01-04 16:55:34,634 - __console line:  58] - INFO: 关闭浏览器对象成功！
[2022-01-04 16:55:35,887 - __console line:  58] - INFO: 打开https://qdtest.wisight.cn/login成功！
[2022-01-04 16:55:38,022 - __console line:  58] - INFO: 创建谷歌浏览器对象成功!
[2022-01-04 16:55:38,023 - __console line:  58] - INFO: 创建浏览器对象成功!
[2022-01-04 16:55:38,855 - __console line:  58] - INFO: 点击服务套件成功
[2022-01-04 16:55:39,146 - __console line:  58] - INFO: 点击qdtest助理管理成功
[2022-01-04 16:55:39,612 - __console line:  58] - INFO: 打开https://wibot.work/login成功！
[2022-01-04 16:55:40,369 - __console line:  58] - INFO: 滚动条拖动到底部！
[2022-01-04 16:55:40,468 - __console line:  58] - INFO: 点击下拉选择翻页成功
[2022-01-04 16:55:40,821 - __console line:  58] - INFO: 成功选择每页显示50条数据！
[2022-01-04 16:55:41,116 - __console line:  58] - INFO: 点击服务套件成功
[2022-01-04 16:55:41,348 - __console line:  58] - INFO: 点击wibot助理管理成功
[2022-01-04 16:55:41,570 - __console line:  58] - INFO: 滚动条拖动到底部！
[2022-01-04 16:55:41,644 - __console line:  58] - INFO: 点击下拉选择翻页成功
[2022-01-04 16:55:41,994 - __console line:  58] - INFO: 成功选择每页显示50条数据！
[2022-01-04 16:55:45,958 - __console line:  58] - INFO: 关闭浏览器对象成功！
[2022-01-04 16:55:47,222 - __console line:  58] - INFO: 关闭浏览器对象成功！
[2022-01-04 16:55:50,651 - __console line:  58] - INFO: 创建谷歌浏览器对象成功!
[2022-01-04 16:55:50,651 - __console line:  58] - INFO: 创建浏览器对象成功!
[2022-01-04 16:55:52,353 - __console line:  58] - INFO: 打开https://qdtest.wisight.cn/login成功！
[2022-01-04 16:55:55,161 - __console line:  58] - INFO: 点击服务套件成功
[2022-01-04 16:55:55,316 - __console line:  58] - INFO: 点击qdtest助理管理成功
[2022-01-04 16:55:56,511 - __console line:  58] - INFO: 滚动条拖动到底部！
[2022-01-04 16:55:56,577 - __console line:  58] - INFO: 点击下拉选择翻页成功
[2022-01-04 16:55:56,880 - __console line:  58] - INFO: 成功选择每页显示50条数据！
[2022-01-04 16:56:02,007 - __console line:  58] - INFO: 关闭浏览器对象成功！
[2022-01-04 16:56:05,435 - __console line:  58] - INFO: 创建谷歌浏览器对象成功!
[2022-01-04 16:56:05,437 - __console line:  58] - INFO: 创建浏览器对象成功!
[2022-01-04 16:56:06,906 - __console line:  58] - INFO: 打开https://qdtest.wisight.cn/login成功！
[2022-01-04 16:56:09,791 - __console line:  58] - INFO: 点击服务套件成功
[2022-01-04 16:56:09,967 - __console line:  58] - INFO: 点击qdtest助理管理成功
[2022-01-04 16:56:11,207 - __console line:  58] - INFO: 滚动条拖动到底部！
[2022-01-04 16:56:11,277 - __console line:  58] - INFO: 点击下拉选择翻页成功
[2022-01-04 16:56:11,646 - __console line:  58] - INFO: 成功选择每页显示50条数据！
[2022-01-04 16:56:28,880 - __console line:  58] - INFO: 关闭浏览器对象成功！
[2022-01-04 16:56:43,019 - __console line:  58] - INFO: 创建谷歌浏览器对象成功!
[2022-01-04 16:56:43,019 - __console line:  58] - INFO: 创建浏览器对象成功!
[2022-01-04 16:56:44,587 - __console line:  58] - INFO: 打开https://wibot.work/login成功！
[2022-01-04 16:56:45,723 - __console line:  58] - INFO: 点击服务套件成功
[2022-01-04 16:56:45,951 - __console line:  58] - INFO: 点击wibot助理管理成功
[2022-01-04 16:56:46,134 - __console line:  58] - INFO: 滚动条拖动到底部！
[2022-01-04 16:56:46,198 - __console line:  58] - INFO: 点击下拉选择翻页成功
[2022-01-04 16:56:46,601 - __console line:  58] - INFO: 成功选择每页显示50条数据！
[2022-01-04 17:57:21,554 - __console line:  58] - INFO: 创建谷歌浏览器对象成功!
[2022-01-04 17:57:21,555 - __console line:  58] - INFO: 创建浏览器对象成功!
[2022-01-04 17:57:23,841 - __console line:  58] - INFO: 打开https://qdtest.wisight.cn/login成功！
[2022-01-04 17:57:24,022 - __console line:  58] - INFO: 输入用户名：admin@QDtxgjwl.com成功
[2022-01-04 17:57:24,061 - __console line:  58] - INFO: 清除密码：Password123成功
[2022-01-04 17:57:24,155 - __console line:  58] - INFO: 输入用密码：Password123成功
[2022-01-04 17:57:24,222 - __console line:  58] - INFO: 点击登录按钮成功
[2022-01-04 17:57:27,112 - __console line:  58] - INFO: 点击服务套件成功
[2022-01-04 17:57:27,319 - __console line:  58] - INFO: 点击群组管理成功
[2022-01-04 17:57:28,639 - __console line:  58] - INFO: 滚动条拖动到底部！
[2022-01-04 17:57:28,732 - __console line:  58] - INFO: 点击下拉选择翻页成功
[2022-01-04 17:57:29,088 - __console line:  58] - INFO: 成功选择每页显示50条数据！
[2022-01-04 17:57:35,110 - __console line:  58] - INFO: 关闭浏览器对象成功！
[2022-01-04 17:57:38,612 - __console line:  58] - INFO: 创建谷歌浏览器对象成功!
[2022-01-04 17:57:38,612 - __console line:  58] - INFO: 创建浏览器对象成功!
[2022-01-04 17:57:41,134 - __console line:  58] - INFO: 打开https://qdtest.wisight.cn/login成功！
[2022-01-04 17:57:41,360 - __console line:  58] - INFO: 输入用户名：admin@QDcgzs.com成功
[2022-01-04 17:57:41,396 - __console line:  58] - INFO: 清除密码：Password123成功
[2022-01-04 17:57:41,469 - __console line:  58] - INFO: 输入用密码：Password123成功
[2022-01-04 17:57:41,528 - __console line:  58] - INFO: 点击登录按钮成功
[2022-01-04 17:57:43,905 - __console line:  58] - INFO: 点击服务套件成功
[2022-01-04 17:57:44,083 - __console line:  58] - INFO: 点击群组管理成功
[2022-01-04 17:57:45,202 - __console line:  58] - INFO: 滚动条拖动到底部！
[2022-01-04 17:57:45,271 - __console line:  58] - INFO: 点击下拉选择翻页成功
[2022-01-04 17:57:45,641 - __console line:  58] - INFO: 成功选择每页显示50条数据！
[2022-01-04 17:57:50,867 - __console line:  58] - INFO: 关闭浏览器对象成功！
[2022-01-04 17:57:54,370 - __console line:  58] - INFO: 创建谷歌浏览器对象成功!
[2022-01-04 17:57:54,371 - __console line:  58] - INFO: 创建浏览器对象成功!
[2022-01-04 17:57:55,819 - __console line:  58] - INFO: 打开https://wibot.work/login成功！
[2022-01-04 17:57:55,992 - __console line:  58] - INFO: 输入用户名：admin@bobtjhx.com成功
[2022-01-04 17:57:56,029 - __console line:  58] - INFO: 清除密码：Password123成功
[2022-01-04 17:57:56,191 - __console line:  58] - INFO: 输入用密码：Password123成功
[2022-01-04 17:57:56,242 - __console line:  58] - INFO: 点击登录按钮成功
[2022-01-04 17:57:57,061 - __console line:  58] - INFO: 点击服务套件成功
[2022-01-04 17:57:57,273 - __console line:  58] - INFO: 点击群组管理成功
[2022-01-04 17:57:57,460 - __console line:  58] - INFO: 滚动条拖动到底部！
[2022-01-04 17:57:57,529 - __console line:  58] - INFO: 点击下拉选择翻页成功
[2022-01-04 17:57:57,924 - __console line:  58] - INFO: 成功选择每页显示50条数据！
[2022-01-04 17:58:01,193 - __console line:  58] - INFO: 关闭浏览器对象成功！
[2022-01-04 17:58:05,097 - __console line:  58] - INFO: 创建谷歌浏览器对象成功!
[2022-01-04 17:58:05,099 - __console line:  58] - INFO: 创建浏览器对象成功!
[2022-01-04 17:58:06,724 - __console line:  58] - INFO: 打开https://wibot.work/login成功！
[2022-01-04 17:58:06,885 - __console line:  58] - INFO: 输入用户名：admin@ccbhzzj.com成功
[2022-01-04 17:58:06,927 - __console line:  58] - INFO: 清除密码：Password123成功
[2022-01-04 17:58:07,009 - __console line:  58] - INFO: 输入用密码：Password123成功
[2022-01-04 17:58:07,066 - __console line:  58] - INFO: 点击登录按钮成功
[2022-01-04 17:58:07,878 - __console line:  58] - INFO: 点击服务套件成功
[2022-01-04 17:58:08,089 - __console line:  58] - INFO: 点击群组管理成功
[2022-01-04 17:58:08,363 - __console line:  58] - INFO: 滚动条拖动到底部！
[2022-01-04 17:58:08,425 - __console line:  58] - INFO: 点击下拉选择翻页成功
[2022-01-04 17:58:08,808 - __console line:  58] - INFO: 成功选择每页显示50条数据！
[2022-01-04 17:58:12,270 - __console line:  58] - INFO: 关闭浏览器对象成功！
[2022-01-04 17:58:15,880 - __console line:  58] - INFO: 创建谷歌浏览器对象成功!
[2022-01-04 17:58:15,881 - __console line:  58] - INFO: 创建浏览器对象成功!
[2022-01-04 17:58:17,665 - __console line:  58] - INFO: 打开https://wibot.work/login成功！
[2022-01-04 17:58:17,860 - __console line:  58] - INFO: 输入用户名：admin@HFcqjb.com成功
[2022-01-04 17:58:17,899 - __console line:  58] - INFO: 清除密码：Password123成功
[2022-01-04 17:58:17,992 - __console line:  58] - INFO: 输入用密码：Password123成功
[2022-01-04 17:58:18,064 - __console line:  58] - INFO: 点击登录按钮成功
[2022-01-04 17:58:18,961 - __console line:  58] - INFO: 点击服务套件成功
[2022-01-04 17:58:19,237 - __console line:  58] - INFO: 点击群组管理成功
[2022-01-04 17:58:19,486 - __console line:  58] - INFO: 滚动条拖动到底部！
[2022-01-04 17:58:19,553 - __console line:  58] - INFO: 点击下拉选择翻页成功
[2022-01-04 17:58:19,938 - __console line:  58] - INFO: 成功选择每页显示50条数据！
[2022-01-04 17:58:23,178 - __console line:  58] - INFO: 关闭浏览器对象成功！
[2022-01-04 18:03:31,143 - __console line:  58] - INFO: 创建谷歌浏览器对象成功!
[2022-01-04 18:03:31,143 - __console line:  58] - INFO: 创建浏览器对象成功!
[2022-01-04 18:03:33,255 - __console line:  58] - INFO: 打开https://qdtest.wisight.cn/login成功！
[2022-01-04 18:03:33,462 - __console line:  58] - INFO: 输入用户名：admin@QDtxgjwl.com成功
[2022-01-04 18:03:33,500 - __console line:  58] - INFO: 清除密码：Password123成功
[2022-01-04 18:03:33,596 - __console line:  58] - INFO: 输入用密码：Password123成功
[2022-01-04 18:03:33,676 - __console line:  58] - INFO: 点击登录按钮成功
[2022-01-04 18:03:36,520 - __console line:  58] - INFO: 点击服务套件成功
[2022-01-04 18:03:36,714 - __console line:  58] - INFO: 点击群组管理成功
[2022-01-04 18:03:38,005 - __console line:  58] - INFO: 滚动条拖动到底部！
[2022-01-04 18:03:38,092 - __console line:  58] - INFO: 点击下拉选择翻页成功
[2022-01-04 18:03:38,463 - __console line:  58] - INFO: 成功选择每页显示50条数据！
[2022-01-04 18:03:44,404 - __console line:  58] - INFO: 关闭浏览器对象成功！
[2022-01-04 18:03:47,906 - __console line:  58] - INFO: 创建谷歌浏览器对象成功!
[2022-01-04 18:03:47,906 - __console line:  58] - INFO: 创建浏览器对象成功!
[2022-01-04 18:03:50,410 - __console line:  58] - INFO: 打开https://qdtest.wisight.cn/login成功！
[2022-01-04 18:03:50,592 - __console line:  58] - INFO: 输入用户名：admin@QDcgzs.com成功
[2022-01-04 18:03:50,623 - __console line:  58] - INFO: 清除密码：Password123成功
[2022-01-04 18:03:50,723 - __console line:  58] - INFO: 输入用密码：Password123成功
[2022-01-04 18:03:50,788 - __console line:  58] - INFO: 点击登录按钮成功
[2022-01-04 18:03:53,321 - __console line:  58] - INFO: 点击服务套件成功
[2022-01-04 18:03:53,536 - __console line:  58] - INFO: 点击群组管理成功
[2022-01-04 18:03:54,782 - __console line:  58] - INFO: 滚动条拖动到底部！
[2022-01-04 18:03:54,856 - __console line:  58] - INFO: 点击下拉选择翻页成功
[2022-01-04 18:03:55,179 - __console line:  58] - INFO: 成功选择每页显示50条数据！
[2022-01-04 18:04:00,418 - __console line:  58] - INFO: 关闭浏览器对象成功！
[2022-01-04 18:04:03,905 - __console line:  58] - INFO: 创建谷歌浏览器对象成功!
[2022-01-04 18:04:03,905 - __console line:  58] - INFO: 创建浏览器对象成功!
[2022-01-04 18:04:05,400 - __console line:  58] - INFO: 打开https://wibot.work/login成功！
[2022-01-04 18:04:05,558 - __console line:  58] - INFO: 输入用户名：admin@bobtjhx.com成功
[2022-01-04 18:04:05,589 - __console line:  58] - INFO: 清除密码：Password123成功
[2022-01-04 18:04:05,686 - __console line:  58] - INFO: 输入用密码：Password123成功
[2022-01-04 18:04:05,752 - __console line:  58] - INFO: 点击登录按钮成功
[2022-01-04 18:04:06,624 - __console line:  58] - INFO: 点击服务套件成功
[2022-01-04 18:04:06,817 - __console line:  58] - INFO: 点击群组管理成功
[2022-01-04 18:04:07,095 - __console line:  58] - INFO: 滚动条拖动到底部！
[2022-01-04 18:04:07,176 - __console line:  58] - INFO: 点击下拉选择翻页成功
[2022-01-04 18:04:07,485 - __console line:  58] - INFO: 成功选择每页显示50条数据！
[2022-01-04 18:04:10,754 - __console line:  58] - INFO: 关闭浏览器对象成功！
[2022-01-04 18:04:14,651 - __console line:  58] - INFO: 创建谷歌浏览器对象成功!
[2022-01-04 18:04:14,651 - __console line:  58] - INFO: 创建浏览器对象成功!
[2022-01-04 18:04:16,236 - __console line:  58] - INFO: 打开https://wibot.work/login成功！
[2022-01-04 18:04:16,393 - __console line:  58] - INFO: 输入用户名：admin@ccbhzzj.com成功
[2022-01-04 18:04:16,425 - __console line:  58] - INFO: 清除密码：Password123成功
[2022-01-04 18:04:16,517 - __console line:  58] - INFO: 输入用密码：Password123成功
[2022-01-04 18:04:16,583 - __console line:  58] - INFO: 点击登录按钮成功
[2022-01-04 18:04:17,349 - __console line:  58] - INFO: 点击服务套件成功
[2022-01-04 18:04:17,541 - __console line:  58] - INFO: 点击群组管理成功
[2022-01-04 18:04:17,784 - __console line:  58] - INFO: 滚动条拖动到底部！
[2022-01-04 18:04:17,859 - __console line:  58] - INFO: 点击下拉选择翻页成功
[2022-01-04 18:04:18,313 - __console line:  58] - INFO: 成功选择每页显示50条数据！
[2022-01-04 18:04:21,751 - __console line:  58] - INFO: 关闭浏览器对象成功！
[2022-01-04 18:04:25,481 - __console line:  58] - INFO: 创建谷歌浏览器对象成功!
[2022-01-04 18:04:25,483 - __console line:  58] - INFO: 创建浏览器对象成功!
[2022-01-04 18:04:26,840 - __console line:  58] - INFO: 打开https://wibot.work/login成功！
[2022-01-04 18:04:27,020 - __console line:  58] - INFO: 输入用户名：admin@HFcqjb.com成功
[2022-01-04 18:04:27,056 - __console line:  58] - INFO: 清除密码：Password123成功
[2022-01-04 18:04:27,163 - __console line:  58] - INFO: 输入用密码：Password123成功
[2022-01-04 18:04:27,235 - __console line:  58] - INFO: 点击登录按钮成功
[2022-01-04 18:04:27,986 - __console line:  58] - INFO: 点击服务套件成功
[2022-01-04 18:04:28,279 - __console line:  58] - INFO: 点击群组管理成功
[2022-01-04 18:04:28,468 - __console line:  58] - INFO: 滚动条拖动到底部！
[2022-01-04 18:04:28,534 - __console line:  58] - INFO: 点击下拉选择翻页成功
[2022-01-04 18:04:28,871 - __console line:  58] - INFO: 成功选择每页显示50条数据！
[2022-01-04 18:04:32,134 - __console line:  58] - INFO: 关闭浏览器对象成功！
[2022-01-04 18:06:46,590 - __console line:  58] - INFO: 创建谷歌浏览器对象成功!
[2022-01-04 18:06:46,590 - __console line:  58] - INFO: 创建浏览器对象成功!
[2022-01-04 18:06:51,071 - __console line:  58] - INFO: 打开https://qdtest.wisight.cn/login成功！
[2022-01-04 18:06:51,270 - __console line:  58] - INFO: 输入用户名：admin@QDtxgjwl.com成功
[2022-01-04 18:06:51,306 - __console line:  58] - INFO: 清除密码：Password123成功
[2022-01-04 18:06:51,407 - __console line:  58] - INFO: 输入用密码：Password123成功
[2022-01-04 18:06:51,476 - __console line:  58] - INFO: 点击登录按钮成功
[2022-01-04 18:06:54,023 - __console line:  58] - INFO: 点击服务套件成功
[2022-01-04 18:06:54,205 - __console line:  58] - INFO: 点击群组管理成功
[2022-01-04 18:06:55,497 - __console line:  58] - INFO: 滚动条拖动到底部！
[2022-01-04 18:06:55,585 - __console line:  58] - INFO: 点击下拉选择翻页成功
[2022-01-04 18:06:55,952 - __console line:  58] - INFO: 成功选择每页显示50条数据！
[2022-01-04 18:07:01,946 - __console line:  58] - INFO: 关闭浏览器对象成功！
[2022-01-04 18:07:05,444 - __console line:  58] - INFO: 创建谷歌浏览器对象成功!
[2022-01-04 18:07:05,446 - __console line:  58] - INFO: 创建浏览器对象成功!
[2022-01-04 18:07:07,722 - __console line:  58] - INFO: 打开https://qdtest.wisight.cn/login成功！
[2022-01-04 18:07:07,916 - __console line:  58] - INFO: 输入用户名：admin@QDcgzs.com成功
[2022-01-04 18:07:07,945 - __console line:  58] - INFO: 清除密码：Password123成功
[2022-01-04 18:07:08,031 - __console line:  58] - INFO: 输入用密码：Password123成功
[2022-01-04 18:07:08,099 - __console line:  58] - INFO: 点击登录按钮成功
[2022-01-04 18:07:10,768 - __console line:  58] - INFO: 点击服务套件成功
[2022-01-04 18:07:10,939 - __console line:  58] - INFO: 点击群组管理成功
[2022-01-04 18:07:12,310 - __console line:  58] - INFO: 滚动条拖动到底部！
[2022-01-04 18:07:12,396 - __console line:  58] - INFO: 点击下拉选择翻页成功
[2022-01-04 18:07:12,727 - __console line:  58] - INFO: 成功选择每页显示50条数据！
[2022-01-04 18:07:17,999 - __console line:  58] - INFO: 关闭浏览器对象成功！
[2022-01-04 18:08:14,524 - __console line:  58] - INFO: 创建谷歌浏览器对象成功!
[2022-01-04 18:08:14,525 - __console line:  58] - INFO: 创建浏览器对象成功!
[2022-01-04 18:08:17,095 - __console line:  58] - INFO: 打开https://qdtest.wisight.cn/login成功！
[2022-01-04 18:08:17,265 - __console line:  58] - INFO: 输入用户名：admin@QDtxgjwl.com成功
[2022-01-04 18:08:17,296 - __console line:  58] - INFO: 清除密码：Password123成功
[2022-01-04 18:08:17,400 - __console line:  58] - INFO: 输入用密码：Password123成功
[2022-01-04 18:08:17,465 - __console line:  58] - INFO: 点击登录按钮成功
[2022-01-04 18:08:19,875 - __console line:  58] - INFO: 点击服务套件成功
[2022-01-04 18:08:20,034 - __console line:  58] - INFO: 点击群组管理成功
[2022-01-04 18:08:21,321 - __console line:  58] - INFO: 滚动条拖动到底部！
[2022-01-04 18:08:21,398 - __console line:  58] - INFO: 点击下拉选择翻页成功
[2022-01-04 18:08:21,732 - __console line:  58] - INFO: 成功选择每页显示50条数据！
[2022-01-04 18:08:27,635 - __console line:  58] - INFO: 关闭浏览器对象成功！
[2022-01-04 18:08:31,087 - __console line:  58] - INFO: 创建谷歌浏览器对象成功!
[2022-01-04 18:08:31,088 - __console line:  58] - INFO: 创建浏览器对象成功!
[2022-01-04 18:08:33,362 - __console line:  58] - INFO: 打开https://qdtest.wisight.cn/login成功！
[2022-01-04 18:08:33,518 - __console line:  58] - INFO: 输入用户名：admin@QDcgzs.com成功
[2022-01-04 18:08:33,545 - __console line:  58] - INFO: 清除密码：Password123成功
[2022-01-04 18:08:33,637 - __console line:  58] - INFO: 输入用密码：Password123成功
[2022-01-04 18:08:33,699 - __console line:  58] - INFO: 点击登录按钮成功
[2022-01-04 18:08:36,140 - __console line:  58] - INFO: 点击服务套件成功
[2022-01-04 18:08:36,334 - __console line:  58] - INFO: 点击群组管理成功
[2022-01-04 18:08:37,585 - __console line:  58] - INFO: 滚动条拖动到底部！
[2022-01-04 18:08:37,661 - __console line:  58] - INFO: 点击下拉选择翻页成功
[2022-01-04 18:08:37,982 - __console line:  58] - INFO: 成功选择每页显示50条数据！
[2022-01-04 18:08:43,249 - __console line:  58] - INFO: 关闭浏览器对象成功！
[2022-01-04 18:08:46,798 - __console line:  58] - INFO: 创建谷歌浏览器对象成功!
[2022-01-04 18:08:46,799 - __console line:  58] - INFO: 创建浏览器对象成功!
[2022-01-04 18:08:48,414 - __console line:  58] - INFO: 打开https://wibot.work/login成功！
[2022-01-04 18:08:48,599 - __console line:  58] - INFO: 输入用户名：admin@bobtjhx.com成功
[2022-01-04 18:08:48,632 - __console line:  58] - INFO: 清除密码：Password123成功
[2022-01-04 18:08:48,738 - __console line:  58] - INFO: 输入用密码：Password123成功
[2022-01-04 18:08:48,802 - __console line:  58] - INFO: 点击登录按钮成功
[2022-01-04 18:08:49,586 - __console line:  58] - INFO: 点击服务套件成功
[2022-01-04 18:08:49,772 - __console line:  58] - INFO: 点击群组管理成功
[2022-01-04 18:08:50,036 - __console line:  58] - INFO: 滚动条拖动到底部！
[2022-01-04 18:08:50,108 - __console line:  58] - INFO: 点击下拉选择翻页成功
[2022-01-04 18:08:50,486 - __console line:  58] - INFO: 成功选择每页显示50条数据！
[2022-01-04 18:08:53,790 - __console line:  58] - INFO: 关闭浏览器对象成功！
[2022-01-04 18:08:57,476 - __console line:  58] - INFO: 创建谷歌浏览器对象成功!
[2022-01-04 18:08:57,476 - __console line:  58] - INFO: 创建浏览器对象成功!
[2022-01-04 18:08:58,931 - __console line:  58] - INFO: 打开https://wibot.work/login成功！
[2022-01-04 18:08:59,115 - __console line:  58] - INFO: 输入用户名：admin@ccbhzzj.com成功
[2022-01-04 18:08:59,146 - __console line:  58] - INFO: 清除密码：Password123成功
[2022-01-04 18:08:59,255 - __console line:  58] - INFO: 输入用密码：Password123成功
[2022-01-04 18:08:59,326 - __console line:  58] - INFO: 点击登录按钮成功
[2022-01-04 18:09:00,152 - __console line:  58] - INFO: 点击服务套件成功
[2022-01-04 18:09:00,349 - __console line:  58] - INFO: 点击群组管理成功
[2022-01-04 18:09:00,598 - __console line:  58] - INFO: 滚动条拖动到底部！
[2022-01-04 18:09:00,671 - __console line:  58] - INFO: 点击下拉选择翻页成功
[2022-01-04 18:09:01,070 - __console line:  58] - INFO: 成功选择每页显示50条数据！
[2022-01-04 18:09:04,553 - __console line:  58] - INFO: 关闭浏览器对象成功！
[2022-01-04 18:09:08,174 - __console line:  58] - INFO: 创建谷歌浏览器对象成功!
[2022-01-04 18:09:08,175 - __console line:  58] - INFO: 创建浏览器对象成功!
[2022-01-04 18:09:09,784 - __console line:  58] - INFO: 打开https://wibot.work/login成功！
[2022-01-04 18:09:09,968 - __console line:  58] - INFO: 输入用户名：admin@HFcqjb.com成功
[2022-01-04 18:09:10,003 - __console line:  58] - INFO: 清除密码：Password123成功
[2022-01-04 18:09:10,109 - __console line:  58] - INFO: 输入用密码：Password123成功
[2022-01-04 18:09:10,181 - __console line:  58] - INFO: 点击登录按钮成功
[2022-01-04 18:09:11,041 - __console line:  58] - INFO: 点击服务套件成功
[2022-01-04 18:09:11,229 - __console line:  58] - INFO: 点击群组管理成功
[2022-01-04 18:09:11,413 - __console line:  58] - INFO: 滚动条拖动到底部！
[2022-01-04 18:09:11,474 - __console line:  58] - INFO: 点击下拉选择翻页成功
[2022-01-04 18:09:11,807 - __console line:  58] - INFO: 成功选择每页显示50条数据！
[2022-01-04 18:09:15,096 - __console line:  58] - INFO: 关闭浏览器对象成功！
[2022-01-04 18:10:31,249 - __console line:  58] - INFO: 创建谷歌浏览器对象成功!
[2022-01-04 18:10:31,250 - __console line:  58] - INFO: 创建浏览器对象成功!
[2022-01-04 18:10:33,322 - __console line:  58] - INFO: 打开https://qdtest.wisight.cn/login成功！
[2022-01-04 18:10:33,514 - __console line:  58] - INFO: 输入用户名：admin@QDtxgjwl.com成功
[2022-01-04 18:10:33,547 - __console line:  58] - INFO: 清除密码：Password123成功
[2022-01-04 18:10:33,645 - __console line:  58] - INFO: 输入用密码：Password123成功
[2022-01-04 18:10:33,709 - __console line:  58] - INFO: 点击登录按钮成功
[2022-01-04 18:10:36,127 - __console line:  58] - INFO: 点击服务套件成功
[2022-01-04 18:10:36,348 - __console line:  58] - INFO: 点击群组管理成功
[2022-01-04 18:10:37,604 - __console line:  58] - INFO: 滚动条拖动到底部！
[2022-01-04 18:10:37,685 - __console line:  58] - INFO: 点击下拉选择翻页成功
[2022-01-04 18:10:38,065 - __console line:  58] - INFO: 成功选择每页显示50条数据！
[2022-01-04 18:10:43,980 - __console line:  58] - INFO: 关闭浏览器对象成功！
[2022-01-04 18:10:47,444 - __console line:  58] - INFO: 创建谷歌浏览器对象成功!
[2022-01-04 18:10:47,444 - __console line:  58] - INFO: 创建浏览器对象成功!
[2022-01-04 18:10:49,128 - __console line:  58] - INFO: 打开https://qdtest.wisight.cn/login成功！
[2022-01-04 18:10:49,303 - __console line:  58] - INFO: 输入用户名：admin@QDcgzs.com成功
[2022-01-04 18:10:49,334 - __console line:  58] - INFO: 清除密码：Password123成功
[2022-01-04 18:10:49,430 - __console line:  58] - INFO: 输入用密码：Password123成功
[2022-01-04 18:10:49,501 - __console line:  58] - INFO: 点击登录按钮成功
[2022-01-04 18:10:51,817 - __console line:  58] - INFO: 点击服务套件成功
[2022-01-04 18:10:51,989 - __console line:  58] - INFO: 点击群组管理成功
[2022-01-04 18:10:53,195 - __console line:  58] - INFO: 滚动条拖动到底部！
[2022-01-04 18:10:53,264 - __console line:  58] - INFO: 点击下拉选择翻页成功
[2022-01-04 18:10:53,575 - __console line:  58] - INFO: 成功选择每页显示50条数据！
[2022-01-04 18:10:58,821 - __console line:  58] - INFO: 关闭浏览器对象成功！
[2022-01-04 18:11:02,282 - __console line:  58] - INFO: 创建谷歌浏览器对象成功!
[2022-01-04 18:11:02,283 - __console line:  58] - INFO: 创建浏览器对象成功!
[2022-01-04 18:11:03,676 - __console line:  58] - INFO: 打开https://wibot.work/login成功！
[2022-01-04 18:11:03,833 - __console line:  58] - INFO: 输入用户名：admin@bobtjhx.com成功
[2022-01-04 18:11:03,863 - __console line:  58] - INFO: 清除密码：Password123成功
[2022-01-04 18:11:03,957 - __console line:  58] - INFO: 输入用密码：Password123成功
[2022-01-04 18:11:04,030 - __console line:  58] - INFO: 点击登录按钮成功
[2022-01-04 18:11:04,829 - __console line:  58] - INFO: 点击服务套件成功
[2022-01-04 18:11:05,029 - __console line:  58] - INFO: 点击群组管理成功
[2022-01-04 18:11:05,302 - __console line:  58] - INFO: 滚动条拖动到底部！
[2022-01-04 18:11:05,370 - __console line:  58] - INFO: 点击下拉选择翻页成功
[2022-01-04 18:11:05,746 - __console line:  58] - INFO: 成功选择每页显示50条数据！
[2022-01-04 18:11:09,037 - __console line:  58] - INFO: 关闭浏览器对象成功！
[2022-01-04 18:11:13,102 - __console line:  58] - INFO: 创建谷歌浏览器对象成功!
[2022-01-04 18:11:13,103 - __console line:  58] - INFO: 创建浏览器对象成功!
[2022-01-04 18:11:14,327 - __console line:  58] - INFO: 打开https://wibot.work/login成功！
[2022-01-04 18:11:14,502 - __console line:  58] - INFO: 输入用户名：admin@ccbhzzj.com成功
[2022-01-04 18:11:14,535 - __console line:  58] - INFO: 清除密码：Password123成功
[2022-01-04 18:11:14,627 - __console line:  58] - INFO: 输入用密码：Password123成功
[2022-01-04 18:11:14,694 - __console line:  58] - INFO: 点击登录按钮成功
[2022-01-04 18:11:15,457 - __console line:  58] - INFO: 点击服务套件成功
[2022-01-04 18:11:15,661 - __console line:  58] - INFO: 点击群组管理成功
[2022-01-04 18:11:15,912 - __console line:  58] - INFO: 滚动条拖动到底部！
[2022-01-04 18:11:15,979 - __console line:  58] - INFO: 点击下拉选择翻页成功
[2022-01-04 18:11:16,400 - __console line:  58] - INFO: 成功选择每页显示50条数据！
[2022-01-04 18:11:19,830 - __console line:  58] - INFO: 关闭浏览器对象成功！
[2022-01-04 18:11:23,273 - __console line:  58] - INFO: 创建谷歌浏览器对象成功!
[2022-01-04 18:11:23,273 - __console line:  58] - INFO: 创建浏览器对象成功!
[2022-01-04 18:11:24,463 - __console line:  58] - INFO: 打开https://wibot.work/login成功！
[2022-01-04 18:11:24,635 - __console line:  58] - INFO: 输入用户名：admin@HFcqjb.com成功
[2022-01-04 18:11:24,668 - __console line:  58] - INFO: 清除密码：Password123成功
[2022-01-04 18:11:24,763 - __console line:  58] - INFO: 输入用密码：Password123成功
[2022-01-04 18:11:24,837 - __console line:  58] - INFO: 点击登录按钮成功
[2022-01-04 18:11:25,650 - __console line:  58] - INFO: 点击服务套件成功
[2022-01-04 18:11:25,851 - __console line:  58] - INFO: 点击群组管理成功
[2022-01-04 18:11:26,043 - __console line:  58] - INFO: 滚动条拖动到底部！
[2022-01-04 18:11:26,141 - __console line:  58] - INFO: 点击下拉选择翻页成功
[2022-01-04 18:11:26,439 - __console line:  58] - INFO: 成功选择每页显示50条数据！
[2022-01-04 18:11:29,675 - __console line:  58] - INFO: 关闭浏览器对象成功！
