[2022-01-05 09:51:08,553 - __console line:  58] - INFO: 创建谷歌浏览器对象成功!
[2022-01-05 09:51:08,555 - __console line:  58] - INFO: 创建浏览器对象成功!
[2022-01-05 09:51:10,190 - __console line:  58] - INFO: 打开https://qdtest.wisight.cn/login成功！
[2022-01-05 09:51:10,344 - __console line:  58] - INFO: 输入用户名：admin@QDtxgjwl.com成功
[2022-01-05 09:51:10,373 - __console line:  58] - INFO: 清除密码：Password123成功
[2022-01-05 09:51:10,466 - __console line:  58] - INFO: 输入用密码：Password123成功
[2022-01-05 09:51:10,525 - __console line:  58] - INFO: 点击登录按钮成功
[2022-01-05 09:51:13,345 - __console line:  58] - INFO: 点击服务套件成功
[2022-01-05 09:51:13,565 - __console line:  58] - INFO: 点击群组管理成功
[2022-01-05 09:51:14,797 - __console line:  58] - INFO: 滚动条拖动到底部！
[2022-01-05 09:51:14,879 - __console line:  58] - INFO: 点击下拉选择翻页成功
[2022-01-05 09:51:15,218 - __console line:  58] - INFO: 成功选择每页显示50条数据！
[2022-01-05 09:51:20,974 - __console line:  58] - INFO: 关闭浏览器对象成功！
[2022-01-05 09:51:24,375 - __console line:  58] - INFO: 创建谷歌浏览器对象成功!
[2022-01-05 09:51:24,376 - __console line:  58] - INFO: 创建浏览器对象成功!
[2022-01-05 09:51:26,686 - __console line:  58] - INFO: 打开https://qdtest.wisight.cn/login成功！
[2022-01-05 09:51:26,842 - __console line:  58] - INFO: 输入用户名：admin@QDcgzs.com成功
[2022-01-05 09:51:26,869 - __console line:  58] - INFO: 清除密码：Password123成功
[2022-01-05 09:51:26,951 - __console line:  58] - INFO: 输入用密码：Password123成功
[2022-01-05 09:51:27,009 - __console line:  58] - INFO: 点击登录按钮成功
[2022-01-05 09:51:29,438 - __console line:  58] - INFO: 点击服务套件成功
[2022-01-05 09:51:29,602 - __console line:  58] - INFO: 点击群组管理成功
[2022-01-05 09:51:30,841 - __console line:  58] - INFO: 滚动条拖动到底部！
[2022-01-05 09:51:30,911 - __console line:  58] - INFO: 点击下拉选择翻页成功
[2022-01-05 09:51:31,213 - __console line:  58] - INFO: 成功选择每页显示50条数据！
[2022-01-05 09:51:36,409 - __console line:  58] - INFO: 关闭浏览器对象成功！
[2022-01-05 09:51:39,769 - __console line:  58] - INFO: 创建谷歌浏览器对象成功!
[2022-01-05 09:51:39,770 - __console line:  58] - INFO: 创建浏览器对象成功!
[2022-01-05 09:51:41,367 - __console line:  58] - INFO: 打开https://wibot.work/login成功！
[2022-01-05 09:51:41,507 - __console line:  58] - INFO: 输入用户名：admin@bobtjhx.com成功
[2022-01-05 09:51:41,534 - __console line:  58] - INFO: 清除密码：Password123成功
[2022-01-05 09:51:41,621 - __console line:  58] - INFO: 输入用密码：Password123成功
[2022-01-05 09:51:41,675 - __console line:  58] - INFO: 点击登录按钮成功
[2022-01-05 09:51:42,351 - __console line:  58] - INFO: 点击服务套件成功
[2022-01-05 09:51:42,492 - __console line:  58] - INFO: 点击群组管理成功
[2022-01-05 09:51:42,709 - __console line:  58] - INFO: 滚动条拖动到底部！
[2022-01-05 09:51:42,764 - __console line:  58] - INFO: 点击下拉选择翻页成功
[2022-01-05 09:51:43,123 - __console line:  58] - INFO: 成功选择每页显示50条数据！
[2022-01-05 09:51:46,330 - __console line:  58] - INFO: 关闭浏览器对象成功！
[2022-01-05 09:51:50,198 - __console line:  58] - INFO: 创建谷歌浏览器对象成功!
[2022-01-05 09:51:50,199 - __console line:  58] - INFO: 创建浏览器对象成功!
[2022-01-05 09:51:51,776 - __console line:  58] - INFO: 打开https://wibot.work/login成功！
[2022-01-05 09:51:51,925 - __console line:  58] - INFO: 输入用户名：admin@ccbhzzj.com成功
[2022-01-05 09:51:51,952 - __console line:  58] - INFO: 清除密码：Password123成功
[2022-01-05 09:51:52,037 - __console line:  58] - INFO: 输入用密码：Password123成功
[2022-01-05 09:51:52,093 - __console line:  58] - INFO: 点击登录按钮成功
[2022-01-05 09:51:52,727 - __console line:  58] - INFO: 点击服务套件成功
[2022-01-05 09:51:52,857 - __console line:  58] - INFO: 点击群组管理成功
[2022-01-05 09:51:53,118 - __console line:  58] - INFO: 滚动条拖动到底部！
[2022-01-05 09:51:53,171 - __console line:  58] - INFO: 点击下拉选择翻页成功
[2022-01-05 09:51:53,526 - __console line:  58] - INFO: 成功选择每页显示50条数据！
[2022-01-05 09:51:56,932 - __console line:  58] - INFO: 关闭浏览器对象成功！
[2022-01-05 09:52:00,760 - __console line:  58] - INFO: 创建谷歌浏览器对象成功!
[2022-01-05 09:52:00,761 - __console line:  58] - INFO: 创建浏览器对象成功!
[2022-01-05 09:52:02,725 - __console line:  58] - INFO: 打开https://wibot.work/login成功！
[2022-01-05 09:52:02,870 - __console line:  58] - INFO: 输入用户名：admin@HFcqjb.com成功
[2022-01-05 09:52:02,894 - __console line:  58] - INFO: 清除密码：Password123成功
[2022-01-05 09:52:02,984 - __console line:  58] - INFO: 输入用密码：Password123成功
[2022-01-05 09:52:03,038 - __console line:  58] - INFO: 点击登录按钮成功
[2022-01-05 09:52:03,699 - __console line:  58] - INFO: 点击服务套件成功
[2022-01-05 09:52:03,876 - __console line:  58] - INFO: 点击群组管理成功
[2022-01-05 09:52:04,119 - __console line:  58] - INFO: 滚动条拖动到底部！
[2022-01-05 09:52:04,189 - __console line:  58] - INFO: 点击下拉选择翻页成功
[2022-01-05 09:52:04,486 - __console line:  58] - INFO: 成功选择每页显示50条数据！
[2022-01-05 09:52:07,655 - __console line:  58] - INFO: 关闭浏览器对象成功！
[2022-01-05 10:04:52,580 - __console line:  58] - INFO: 创建谷歌浏览器对象成功!
[2022-01-05 10:04:52,581 - __console line:  58] - INFO: 创建浏览器对象成功!
[2022-01-05 10:05:05,900 - __console line:  58] - INFO: 打开https://wibot.work/login成功！
[2022-01-05 10:05:06,029 - __console line:  58] - INFO: 输入用户名：admin@bobtjhx.com成功
[2022-01-05 10:05:06,058 - __console line:  58] - INFO: 清除密码：Password123成功
[2022-01-05 10:05:06,124 - __console line:  58] - INFO: 输入用密码：Password123成功
[2022-01-05 10:05:06,182 - __console line:  58] - INFO: 点击登录按钮成功
[2022-01-05 10:05:06,933 - __console line:  58] - INFO: 点击服务套件成功
[2022-01-05 10:05:07,088 - __console line:  58] - INFO: 点击wibot助理管理成功
[2022-01-05 10:05:07,321 - __console line:  58] - INFO: 滚动条拖动到底部！
[2022-01-05 10:05:07,390 - __console line:  58] - INFO: 点击下拉选择翻页成功
[2022-01-05 10:05:07,687 - __console line:  58] - INFO: 成功选择每页显示50条数据！
[2022-01-05 10:05:43,398 - __console line:  58] - INFO: 创建谷歌浏览器对象成功!
[2022-01-05 10:05:43,398 - __console line:  58] - INFO: 创建浏览器对象成功!
[2022-01-05 10:05:45,520 - __console line:  58] - INFO: 打开https://wibot.work/login成功！
[2022-01-05 10:05:45,680 - __console line:  58] - INFO: 输入用户名：admin@bobtjhx.com成功
[2022-01-05 10:05:45,707 - __console line:  58] - INFO: 清除密码：Password123成功
[2022-01-05 10:05:45,803 - __console line:  58] - INFO: 输入用密码：Password123成功
[2022-01-05 10:05:45,860 - __console line:  58] - INFO: 点击登录按钮成功
[2022-01-05 10:05:46,535 - __console line:  58] - INFO: 点击服务套件成功
[2022-01-05 10:05:46,685 - __console line:  58] - INFO: 点击wibot助理管理成功
[2022-01-05 10:05:46,878 - __console line:  58] - INFO: 滚动条拖动到底部！
[2022-01-05 10:05:46,946 - __console line:  58] - INFO: 点击下拉选择翻页成功
[2022-01-05 10:05:47,237 - __console line:  58] - INFO: 成功选择每页显示50条数据！
[2022-01-05 10:05:52,462 - __console line:  58] - INFO: 关闭浏览器对象成功！
[2022-01-05 10:05:55,816 - __console line:  58] - INFO: 创建谷歌浏览器对象成功!
[2022-01-05 10:05:55,817 - __console line:  58] - INFO: 创建浏览器对象成功!
[2022-01-05 10:06:08,971 - __console line:  58] - INFO: 打开https://wibot.work/login成功！
[2022-01-05 10:06:09,104 - __console line:  58] - INFO: 输入用户名：admin@HFcqhc.com成功
[2022-01-05 10:06:09,129 - __console line:  58] - INFO: 清除密码：Password123成功
[2022-01-05 10:06:09,216 - __console line:  58] - INFO: 输入用密码：Password123成功
[2022-01-05 10:06:09,274 - __console line:  58] - INFO: 点击登录按钮成功
[2022-01-05 10:06:09,943 - __console line:  58] - INFO: 点击服务套件成功
[2022-01-05 10:06:10,119 - __console line:  58] - INFO: 点击wibot助理管理成功
[2022-01-05 10:06:10,282 - __console line:  58] - INFO: 滚动条拖动到底部！
[2022-01-05 10:06:10,340 - __console line:  58] - INFO: 点击下拉选择翻页成功
[2022-01-05 10:06:10,703 - __console line:  58] - INFO: 成功选择每页显示50条数据！
[2022-01-05 10:06:15,910 - __console line:  58] - INFO: 关闭浏览器对象成功！
[2022-01-05 10:06:19,304 - __console line:  58] - INFO: 创建谷歌浏览器对象成功!
[2022-01-05 10:06:19,304 - __console line:  58] - INFO: 创建浏览器对象成功!
[2022-01-05 10:06:20,728 - __console line:  58] - INFO: 打开https://wibot.work/login成功！
[2022-01-05 10:06:20,880 - __console line:  58] - INFO: 输入用户名：admin@HFcqjb.com成功
[2022-01-05 10:06:20,908 - __console line:  58] - INFO: 清除密码：Password123成功
[2022-01-05 10:06:20,993 - __console line:  58] - INFO: 输入用密码：Password123成功
[2022-01-05 10:06:21,051 - __console line:  58] - INFO: 点击登录按钮成功
[2022-01-05 10:06:21,706 - __console line:  58] - INFO: 点击服务套件成功
[2022-01-05 10:06:21,847 - __console line:  58] - INFO: 点击wibot助理管理成功
[2022-01-05 10:06:22,059 - __console line:  58] - INFO: 滚动条拖动到底部！
[2022-01-05 10:06:22,133 - __console line:  58] - INFO: 点击下拉选择翻页成功
[2022-01-05 10:06:22,483 - __console line:  58] - INFO: 成功选择每页显示50条数据！
[2022-01-05 10:06:27,647 - __console line:  58] - INFO: 关闭浏览器对象成功！
[2022-01-05 10:06:31,013 - __console line:  58] - INFO: 创建谷歌浏览器对象成功!
[2022-01-05 10:06:31,014 - __console line:  58] - INFO: 创建浏览器对象成功!
[2022-01-05 10:06:32,630 - __console line:  58] - INFO: 打开https://wibot.work/login成功！
[2022-01-05 10:06:32,782 - __console line:  58] - INFO: 输入用户名：admin@ccbhzzj.com成功
[2022-01-05 10:06:32,809 - __console line:  58] - INFO: 清除密码：Password123成功
[2022-01-05 10:06:32,893 - __console line:  58] - INFO: 输入用密码：Password123成功
[2022-01-05 10:06:32,951 - __console line:  58] - INFO: 点击登录按钮成功
[2022-01-05 10:06:33,739 - __console line:  58] - INFO: 点击服务套件成功
[2022-01-05 10:06:33,899 - __console line:  58] - INFO: 点击wibot助理管理成功
[2022-01-05 10:06:34,060 - __console line:  58] - INFO: 滚动条拖动到底部！
[2022-01-05 10:06:34,133 - __console line:  58] - INFO: 点击下拉选择翻页成功
[2022-01-05 10:06:34,459 - __console line:  58] - INFO: 成功选择每页显示50条数据！
[2022-01-05 10:06:39,658 - __console line:  58] - INFO: 关闭浏览器对象成功！
[2022-01-05 10:06:43,098 - __console line:  58] - INFO: 创建谷歌浏览器对象成功!
[2022-01-05 10:06:43,099 - __console line:  58] - INFO: 创建浏览器对象成功!
[2022-01-05 10:06:45,203 - __console line:  58] - INFO: 打开https://qdtest.wisight.cn/login成功！
[2022-01-05 10:06:45,376 - __console line:  58] - INFO: 输入用户名：admin@QDcgzs.com成功
[2022-01-05 10:06:45,406 - __console line:  58] - INFO: 清除密码：Password123成功
[2022-01-05 10:06:45,512 - __console line:  58] - INFO: 输入用密码：Password123成功
[2022-01-05 10:06:45,577 - __console line:  58] - INFO: 点击登录按钮成功
[2022-01-05 10:06:48,544 - __console line:  58] - INFO: 点击服务套件成功
[2022-01-05 10:06:48,729 - __console line:  58] - INFO: 点击qdtest助理管理成功
[2022-01-05 10:06:49,993 - __console line:  58] - INFO: 滚动条拖动到底部！
[2022-01-05 10:06:50,069 - __console line:  58] - INFO: 点击下拉选择翻页成功
[2022-01-05 10:06:50,392 - __console line:  58] - INFO: 成功选择每页显示50条数据！
[2022-01-05 10:06:55,517 - __console line:  58] - INFO: 关闭浏览器对象成功！
[2022-01-05 10:06:58,904 - __console line:  58] - INFO: 创建谷歌浏览器对象成功!
[2022-01-05 10:06:58,905 - __console line:  58] - INFO: 创建浏览器对象成功!
[2022-01-05 10:07:00,959 - __console line:  58] - INFO: 打开https://qdtest.wisight.cn/login成功！
[2022-01-05 10:07:01,115 - __console line:  58] - INFO: 输入用户名：admin@QDtxgjwl.com成功
[2022-01-05 10:07:01,143 - __console line:  58] - INFO: 清除密码：Password123成功
[2022-01-05 10:07:01,224 - __console line:  58] - INFO: 输入用密码：Password123成功
[2022-01-05 10:07:01,284 - __console line:  58] - INFO: 点击登录按钮成功
[2022-01-05 10:07:03,609 - __console line:  58] - INFO: 点击服务套件成功
[2022-01-05 10:07:03,759 - __console line:  58] - INFO: 点击qdtest助理管理成功
[2022-01-05 10:07:04,907 - __console line:  58] - INFO: 滚动条拖动到底部！
[2022-01-05 10:07:04,961 - __console line:  58] - INFO: 点击下拉选择翻页成功
[2022-01-05 10:07:05,289 - __console line:  58] - INFO: 成功选择每页显示50条数据！
[2022-01-05 10:07:10,413 - __console line:  58] - INFO: 关闭浏览器对象成功！
[2022-01-05 10:07:57,516 - __console line:  58] - INFO: 创建谷歌浏览器对象成功!
[2022-01-05 10:07:57,516 - __console line:  58] - INFO: 创建浏览器对象成功!
[2022-01-05 10:07:59,046 - __console line:  58] - INFO: 打开https://wibot.work/login成功！
[2022-01-05 10:07:59,195 - __console line:  58] - INFO: 输入用户名：admin@bobtjhx.com成功
[2022-01-05 10:07:59,221 - __console line:  58] - INFO: 清除密码：Password123成功
[2022-01-05 10:07:59,303 - __console line:  58] - INFO: 输入用密码：Password123成功
[2022-01-05 10:07:59,360 - __console line:  58] - INFO: 点击登录按钮成功
[2022-01-05 10:07:59,984 - __console line:  58] - INFO: 点击服务套件成功
[2022-01-05 10:08:00,123 - __console line:  58] - INFO: 点击wibot助理管理成功
[2022-01-05 10:08:00,330 - __console line:  58] - INFO: 滚动条拖动到底部！
[2022-01-05 10:08:00,406 - __console line:  58] - INFO: 点击下拉选择翻页成功
[2022-01-05 10:08:00,757 - __console line:  58] - INFO: 成功选择每页显示50条数据！
[2022-01-05 10:08:05,962 - __console line:  58] - INFO: 关闭浏览器对象成功！
[2022-01-05 10:08:09,301 - __console line:  58] - INFO: 创建谷歌浏览器对象成功!
[2022-01-05 10:08:09,301 - __console line:  58] - INFO: 创建浏览器对象成功!
[2022-01-05 10:08:10,935 - __console line:  58] - INFO: 打开https://wibot.work/login成功！
[2022-01-05 10:08:11,078 - __console line:  58] - INFO: 输入用户名：admin@HFcqhc.com成功
[2022-01-05 10:08:11,102 - __console line:  58] - INFO: 清除密码：Password123成功
[2022-01-05 10:08:11,209 - __console line:  58] - INFO: 输入用密码：Password123成功
[2022-01-05 10:08:11,265 - __console line:  58] - INFO: 点击登录按钮成功
[2022-01-05 10:08:12,020 - __console line:  58] - INFO: 点击服务套件成功
[2022-01-05 10:08:12,177 - __console line:  58] - INFO: 点击wibot助理管理成功
[2022-01-05 10:08:12,404 - __console line:  58] - INFO: 滚动条拖动到底部！
[2022-01-05 10:08:12,480 - __console line:  58] - INFO: 点击下拉选择翻页成功
[2022-01-05 10:08:12,770 - __console line:  58] - INFO: 成功选择每页显示50条数据！
[2022-01-05 10:08:17,984 - __console line:  58] - INFO: 关闭浏览器对象成功！
[2022-01-05 10:08:21,316 - __console line:  58] - INFO: 创建谷歌浏览器对象成功!
[2022-01-05 10:08:21,316 - __console line:  58] - INFO: 创建浏览器对象成功!
[2022-01-05 10:08:23,563 - __console line:  58] - INFO: 打开https://wibot.work/login成功！
[2022-01-05 10:08:23,711 - __console line:  58] - INFO: 输入用户名：admin@HFcqjb.com成功
[2022-01-05 10:08:23,743 - __console line:  58] - INFO: 清除密码：Password123成功
[2022-01-05 10:08:23,811 - __console line:  58] - INFO: 输入用密码：Password123成功
[2022-01-05 10:08:23,860 - __console line:  58] - INFO: 点击登录按钮成功
[2022-01-05 10:08:24,556 - __console line:  58] - INFO: 点击服务套件成功
[2022-01-05 10:08:24,727 - __console line:  58] - INFO: 点击wibot助理管理成功
[2022-01-05 10:08:25,033 - __console line:  58] - INFO: 滚动条拖动到底部！
[2022-01-05 10:08:25,097 - __console line:  58] - INFO: 点击下拉选择翻页成功
[2022-01-05 10:08:25,386 - __console line:  58] - INFO: 成功选择每页显示50条数据！
[2022-01-05 10:08:30,522 - __console line:  58] - INFO: 关闭浏览器对象成功！
[2022-01-05 10:08:33,852 - __console line:  58] - INFO: 创建谷歌浏览器对象成功!
[2022-01-05 10:08:33,853 - __console line:  58] - INFO: 创建浏览器对象成功!
[2022-01-05 10:08:35,716 - __console line:  58] - INFO: 打开https://wibot.work/login成功！
[2022-01-05 10:08:35,874 - __console line:  58] - INFO: 输入用户名：admin@ccbhzzj.com成功
[2022-01-05 10:08:35,901 - __console line:  58] - INFO: 清除密码：Password123成功
[2022-01-05 10:08:35,970 - __console line:  58] - INFO: 输入用密码：Password123成功
[2022-01-05 10:08:36,019 - __console line:  58] - INFO: 点击登录按钮成功
[2022-01-05 10:08:36,667 - __console line:  58] - INFO: 点击服务套件成功
[2022-01-05 10:08:36,837 - __console line:  58] - INFO: 点击wibot助理管理成功
[2022-01-05 10:08:37,028 - __console line:  58] - INFO: 滚动条拖动到底部！
[2022-01-05 10:08:37,100 - __console line:  58] - INFO: 点击下拉选择翻页成功
[2022-01-05 10:08:37,442 - __console line:  58] - INFO: 成功选择每页显示50条数据！
[2022-01-05 10:08:42,557 - __console line:  58] - INFO: 关闭浏览器对象成功！
[2022-01-05 10:08:45,906 - __console line:  58] - INFO: 创建谷歌浏览器对象成功!
[2022-01-05 10:08:45,907 - __console line:  58] - INFO: 创建浏览器对象成功!
[2022-01-05 10:08:48,017 - __console line:  58] - INFO: 打开https://qdtest.wisight.cn/login成功！
[2022-01-05 10:08:48,169 - __console line:  58] - INFO: 输入用户名：admin@QDcgzs.com成功
[2022-01-05 10:08:48,197 - __console line:  58] - INFO: 清除密码：Password123成功
[2022-01-05 10:08:48,280 - __console line:  58] - INFO: 输入用密码：Password123成功
[2022-01-05 10:08:48,344 - __console line:  58] - INFO: 点击登录按钮成功
[2022-01-05 10:08:50,696 - __console line:  58] - INFO: 点击服务套件成功
[2022-01-05 10:08:50,919 - __console line:  58] - INFO: 点击qdtest助理管理成功
[2022-01-05 10:08:52,137 - __console line:  58] - INFO: 滚动条拖动到底部！
[2022-01-05 10:08:52,197 - __console line:  58] - INFO: 点击下拉选择翻页成功
[2022-01-05 10:08:52,498 - __console line:  58] - INFO: 成功选择每页显示50条数据！
[2022-01-05 10:08:57,621 - __console line:  58] - INFO: 关闭浏览器对象成功！
[2022-01-05 10:09:00,956 - __console line:  58] - INFO: 创建谷歌浏览器对象成功!
[2022-01-05 10:09:00,957 - __console line:  58] - INFO: 创建浏览器对象成功!
[2022-01-05 10:09:03,785 - __console line:  58] - INFO: 打开https://qdtest.wisight.cn/login成功！
[2022-01-05 10:09:03,927 - __console line:  58] - INFO: 输入用户名：admin@QDtxgjwl.com成功
[2022-01-05 10:09:03,953 - __console line:  58] - INFO: 清除密码：Password123成功
[2022-01-05 10:09:04,036 - __console line:  58] - INFO: 输入用密码：Password123成功
[2022-01-05 10:09:04,094 - __console line:  58] - INFO: 点击登录按钮成功
[2022-01-05 10:09:06,348 - __console line:  58] - INFO: 点击服务套件成功
[2022-01-05 10:09:06,499 - __console line:  58] - INFO: 点击qdtest助理管理成功
[2022-01-05 10:09:07,704 - __console line:  58] - INFO: 滚动条拖动到底部！
[2022-01-05 10:09:07,762 - __console line:  58] - INFO: 点击下拉选择翻页成功
[2022-01-05 10:09:08,093 - __console line:  58] - INFO: 成功选择每页显示50条数据！
[2022-01-05 10:09:13,193 - __console line:  58] - INFO: 关闭浏览器对象成功！
[2022-01-05 10:13:53,186 - __console line:  58] - INFO: 创建谷歌浏览器对象成功!
[2022-01-05 10:13:53,187 - __console line:  58] - INFO: 创建浏览器对象成功!
[2022-01-05 10:13:54,973 - __console line:  58] - INFO: 打开https://wibot.work/login成功！
[2022-01-05 10:13:55,128 - __console line:  58] - INFO: 输入用户名：admin@bobtjhx.com成功
[2022-01-05 10:13:55,160 - __console line:  58] - INFO: 清除密码：Password123成功
[2022-01-05 10:13:55,245 - __console line:  58] - INFO: 输入用密码：Password123成功
[2022-01-05 10:13:55,303 - __console line:  58] - INFO: 点击登录按钮成功
[2022-01-05 10:13:55,913 - __console line:  58] - INFO: 点击服务套件成功
[2022-01-05 10:13:56,072 - __console line:  58] - INFO: 点击wibot助理管理成功
[2022-01-05 10:13:56,337 - __console line:  58] - INFO: 滚动条拖动到底部！
[2022-01-05 10:13:56,411 - __console line:  58] - INFO: 点击下拉选择翻页成功
[2022-01-05 10:13:56,744 - __console line:  58] - INFO: 成功选择每页显示50条数据！
[2022-01-05 10:14:01,924 - __console line:  58] - INFO: 关闭浏览器对象成功！
[2022-01-05 10:14:05,284 - __console line:  58] - INFO: 创建谷歌浏览器对象成功!
[2022-01-05 10:14:05,285 - __console line:  58] - INFO: 创建浏览器对象成功!
[2022-01-05 10:14:06,881 - __console line:  58] - INFO: 打开https://wibot.work/login成功！
[2022-01-05 10:14:07,063 - __console line:  58] - INFO: 输入用户名：admin@HFcqhc.com成功
[2022-01-05 10:14:07,098 - __console line:  58] - INFO: 清除密码：Password123成功
[2022-01-05 10:14:07,160 - __console line:  58] - INFO: 输入用密码：Password123成功
[2022-01-05 10:14:07,208 - __console line:  58] - INFO: 点击登录按钮成功
[2022-01-05 10:14:07,884 - __console line:  58] - INFO: 点击服务套件成功
[2022-01-05 10:14:08,031 - __console line:  58] - INFO: 点击wibot助理管理成功
[2022-01-05 10:14:08,290 - __console line:  58] - INFO: 滚动条拖动到底部！
[2022-01-05 10:14:08,357 - __console line:  58] - INFO: 点击下拉选择翻页成功
[2022-01-05 10:14:08,646 - __console line:  58] - INFO: 成功选择每页显示50条数据！
[2022-01-05 10:14:13,770 - __console line:  58] - INFO: 关闭浏览器对象成功！
[2022-01-05 10:14:17,089 - __console line:  58] - INFO: 创建谷歌浏览器对象成功!
[2022-01-05 10:14:17,090 - __console line:  58] - INFO: 创建浏览器对象成功!
[2022-01-05 10:14:18,984 - __console line:  58] - INFO: 打开https://wibot.work/login成功！
[2022-01-05 10:14:19,140 - __console line:  58] - INFO: 输入用户名：admin@HFcqjb.com成功
[2022-01-05 10:14:19,175 - __console line:  58] - INFO: 清除密码：Password123成功
[2022-01-05 10:14:19,239 - __console line:  58] - INFO: 输入用密码：Password123成功
[2022-01-05 10:14:19,288 - __console line:  58] - INFO: 点击登录按钮成功
[2022-01-05 10:14:20,055 - __console line:  58] - INFO: 点击服务套件成功
[2022-01-05 10:14:20,197 - __console line:  58] - INFO: 点击wibot助理管理成功
[2022-01-05 10:14:20,412 - __console line:  58] - INFO: 滚动条拖动到底部！
[2022-01-05 10:14:20,486 - __console line:  58] - INFO: 点击下拉选择翻页成功
[2022-01-05 10:14:20,835 - __console line:  58] - INFO: 成功选择每页显示50条数据！
[2022-01-05 10:14:25,951 - __console line:  58] - INFO: 关闭浏览器对象成功！
[2022-01-05 10:14:29,264 - __console line:  58] - INFO: 创建谷歌浏览器对象成功!
[2022-01-05 10:14:29,264 - __console line:  58] - INFO: 创建浏览器对象成功!
[2022-01-05 10:14:32,072 - __console line:  58] - INFO: 打开https://wibot.work/login成功！
[2022-01-05 10:14:32,203 - __console line:  58] - INFO: 输入用户名：admin@ccbhzzj.com成功
[2022-01-05 10:14:32,231 - __console line:  58] - INFO: 清除密码：Password123成功
[2022-01-05 10:14:32,298 - __console line:  58] - INFO: 输入用密码：Password123成功
[2022-01-05 10:14:32,353 - __console line:  58] - INFO: 点击登录按钮成功
[2022-01-05 10:14:33,033 - __console line:  58] - INFO: 点击服务套件成功
[2022-01-05 10:14:33,200 - __console line:  58] - INFO: 点击wibot助理管理成功
[2022-01-05 10:14:33,390 - __console line:  58] - INFO: 滚动条拖动到底部！
[2022-01-05 10:14:33,466 - __console line:  58] - INFO: 点击下拉选择翻页成功
[2022-01-05 10:14:33,805 - __console line:  58] - INFO: 成功选择每页显示50条数据！
[2022-01-05 10:14:38,935 - __console line:  58] - INFO: 关闭浏览器对象成功！
[2022-01-05 10:14:42,475 - __console line:  58] - INFO: 创建谷歌浏览器对象成功!
[2022-01-05 10:14:42,475 - __console line:  58] - INFO: 创建浏览器对象成功!
[2022-01-05 10:14:46,085 - __console line:  58] - INFO: 打开https://qdtest.wisight.cn/login成功！
[2022-01-05 10:14:46,217 - __console line:  58] - INFO: 输入用户名：admin@QDcgzs.com成功
[2022-01-05 10:14:46,251 - __console line:  58] - INFO: 清除密码：Password123成功
[2022-01-05 10:14:46,322 - __console line:  58] - INFO: 输入用密码：Password123成功
[2022-01-05 10:14:46,377 - __console line:  58] - INFO: 点击登录按钮成功
[2022-01-05 10:14:49,390 - __console line:  58] - INFO: 点击服务套件成功
[2022-01-05 10:14:49,552 - __console line:  58] - INFO: 点击qdtest助理管理成功
[2022-01-05 10:14:50,768 - __console line:  58] - INFO: 滚动条拖动到底部！
[2022-01-05 10:14:50,822 - __console line:  58] - INFO: 点击下拉选择翻页成功
[2022-01-05 10:14:51,152 - __console line:  58] - INFO: 成功选择每页显示50条数据！
[2022-01-05 10:14:56,267 - __console line:  58] - INFO: 关闭浏览器对象成功！
[2022-01-05 10:14:59,630 - __console line:  58] - INFO: 创建谷歌浏览器对象成功!
[2022-01-05 10:14:59,631 - __console line:  58] - INFO: 创建浏览器对象成功!
[2022-01-05 10:15:01,718 - __console line:  58] - INFO: 打开https://qdtest.wisight.cn/login成功！
[2022-01-05 10:15:01,865 - __console line:  58] - INFO: 输入用户名：admin@QDtxgjwl.com成功
[2022-01-05 10:15:01,896 - __console line:  58] - INFO: 清除密码：Password123成功
[2022-01-05 10:15:01,959 - __console line:  58] - INFO: 输入用密码：Password123成功
[2022-01-05 10:15:02,009 - __console line:  58] - INFO: 点击登录按钮成功
[2022-01-05 10:15:04,620 - __console line:  58] - INFO: 点击服务套件成功
[2022-01-05 10:15:04,790 - __console line:  58] - INFO: 点击qdtest助理管理成功
[2022-01-05 10:15:05,968 - __console line:  58] - INFO: 滚动条拖动到底部！
[2022-01-05 10:15:06,032 - __console line:  58] - INFO: 点击下拉选择翻页成功
[2022-01-05 10:15:06,330 - __console line:  58] - INFO: 成功选择每页显示50条数据！
[2022-01-05 10:15:11,435 - __console line:  58] - INFO: 关闭浏览器对象成功！
[2022-01-05 10:22:23,815 - __console line:  58] - INFO: 创建谷歌浏览器对象成功!
[2022-01-05 10:22:23,816 - __console line:  58] - INFO: 创建浏览器对象成功!
[2022-01-05 10:22:26,832 - __console line:  58] - INFO: 打开https://wibot.work/login成功！
[2022-01-05 10:22:26,974 - __console line:  58] - INFO: 输入用户名：admin@bobtjhx.com成功
[2022-01-05 10:22:27,002 - __console line:  58] - INFO: 清除密码：Password123成功
[2022-01-05 10:22:27,085 - __console line:  58] - INFO: 输入用密码：Password123成功
[2022-01-05 10:22:27,139 - __console line:  58] - INFO: 点击登录按钮成功
[2022-01-05 10:22:27,799 - __console line:  58] - INFO: 点击服务套件成功
[2022-01-05 10:22:27,937 - __console line:  58] - INFO: 点击wibot助理管理成功
[2022-01-05 10:22:28,139 - __console line:  58] - INFO: 滚动条拖动到底部！
[2022-01-05 10:22:28,197 - __console line:  58] - INFO: 点击下拉选择翻页成功
[2022-01-05 10:22:28,537 - __console line:  58] - INFO: 成功选择每页显示50条数据！
[2022-01-05 10:22:45,775 - __console line:  58] - INFO: 关闭浏览器对象成功！
[2022-01-05 10:22:49,032 - __console line:  58] - INFO: 创建谷歌浏览器对象成功!
[2022-01-05 10:22:49,032 - __console line:  58] - INFO: 创建浏览器对象成功!
[2022-01-05 10:22:50,015 - __console line:  58] - INFO: 打开https://wibot.work/login成功！
[2022-01-05 10:22:50,020 - __console line:  64] - ERROR: 截图方法调用--失败！
[2022-01-05 10:22:50,025 - __console line:  64] - ERROR: 截图方法调用--失败！
[2022-01-05 10:22:50,038 - __console line:  64] - ERROR: 截图方法调用--失败！
[2022-01-05 10:22:50,044 - __console line:  64] - ERROR: 截图方法调用--失败！
[2022-01-05 10:22:50,053 - __console line:  64] - ERROR: 截图方法调用--失败！
[2022-01-05 10:22:50,057 - __console line:  58] - INFO: 关闭浏览器对象成功！
[2022-01-05 10:31:04,531 - __console line:  58] - INFO: 创建谷歌浏览器对象成功!
[2022-01-05 10:31:04,532 - __console line:  58] - INFO: 创建浏览器对象成功!
[2022-01-05 10:31:08,416 - __console line:  58] - INFO: 打开https://wibot.work/login成功！
[2022-01-05 10:31:08,551 - __console line:  58] - INFO: 输入用户名：admin@ccbhzzj.com成功
[2022-01-05 10:31:08,577 - __console line:  58] - INFO: 清除密码：Password123成功
[2022-01-05 10:31:08,662 - __console line:  58] - INFO: 输入用密码：Password123成功
[2022-01-05 10:31:08,719 - __console line:  58] - INFO: 点击登录按钮成功
[2022-01-05 10:31:09,481 - __console line:  58] - INFO: 点击服务套件成功
[2022-01-05 10:31:09,610 - __console line:  58] - INFO: 点击wibot助理管理成功
[2022-01-05 10:31:09,929 - __console line:  58] - INFO: 滚动条拖动到底部！
[2022-01-05 10:31:09,985 - __console line:  58] - INFO: 点击下拉选择翻页成功
[2022-01-05 10:31:10,333 - __console line:  58] - INFO: 成功选择每页显示50条数据！
[2022-01-05 10:32:51,944 - __console line:  58] - INFO: 创建谷歌浏览器对象成功!
[2022-01-05 10:32:51,945 - __console line:  58] - INFO: 创建浏览器对象成功!
[2022-01-05 10:33:02,687 - __console line:  58] - INFO: 打开https://qdtest.wisight.cn/login成功！
[2022-01-05 10:33:02,853 - __console line:  58] - INFO: 输入用户名：admin@QDtxgjwl.com成功
[2022-01-05 10:33:02,879 - __console line:  58] - INFO: 清除密码：Password123成功
[2022-01-05 10:33:02,962 - __console line:  58] - INFO: 输入用密码：Password123成功
[2022-01-05 10:33:03,020 - __console line:  58] - INFO: 点击登录按钮成功
[2022-01-05 10:33:05,938 - __console line:  58] - INFO: 点击服务套件成功
[2022-01-05 10:33:06,126 - __console line:  58] - INFO: 点击qdtest助理管理成功
[2022-01-05 10:33:07,364 - __console line:  58] - INFO: 滚动条拖动到底部！
[2022-01-05 10:33:07,427 - __console line:  58] - INFO: 点击下拉选择翻页成功
[2022-01-05 10:33:07,742 - __console line:  58] - INFO: 成功选择每页显示50条数据！
[2022-01-05 10:33:12,865 - __console line:  58] - INFO: 关闭浏览器对象成功！
[2022-01-05 10:33:16,198 - __console line:  58] - INFO: 创建谷歌浏览器对象成功!
[2022-01-05 10:33:16,198 - __console line:  58] - INFO: 创建浏览器对象成功!
[2022-01-05 10:33:17,974 - __console line:  58] - INFO: 打开https://qdtest.wisight.cn/login成功！
[2022-01-05 10:33:18,118 - __console line:  58] - INFO: 输入用户名：admin@QDcgzs.com成功
[2022-01-05 10:33:18,147 - __console line:  58] - INFO: 清除密码：Password123成功
[2022-01-05 10:33:18,235 - __console line:  58] - INFO: 输入用密码：Password123成功
[2022-01-05 10:33:18,291 - __console line:  58] - INFO: 点击登录按钮成功
[2022-01-05 10:33:20,647 - __console line:  58] - INFO: 点击服务套件成功
[2022-01-05 10:33:20,796 - __console line:  58] - INFO: 点击qdtest助理管理成功
[2022-01-05 10:33:22,128 - __console line:  58] - INFO: 滚动条拖动到底部！
[2022-01-05 10:33:22,185 - __console line:  58] - INFO: 点击下拉选择翻页成功
[2022-01-05 10:33:22,517 - __console line:  58] - INFO: 成功选择每页显示50条数据！
[2022-01-05 10:33:27,652 - __console line:  58] - INFO: 关闭浏览器对象成功！
[2022-01-05 10:33:53,623 - __console line:  58] - INFO: 创建谷歌浏览器对象成功!
[2022-01-05 10:33:53,624 - __console line:  58] - INFO: 创建浏览器对象成功!
[2022-01-05 10:33:54,730 - __console line:  58] - INFO: 打开https://wibot.work/login成功！
[2022-01-05 10:33:54,735 - __console line:  64] - ERROR: 截图方法调用--失败！
[2022-01-05 10:33:54,739 - __console line:  64] - ERROR: 截图方法调用--失败！
[2022-01-05 10:33:54,752 - __console line:  64] - ERROR: 截图方法调用--失败！
[2022-01-05 10:33:54,757 - __console line:  64] - ERROR: 截图方法调用--失败！
[2022-01-05 10:33:54,765 - __console line:  64] - ERROR: 截图方法调用--失败！
[2022-01-05 10:33:54,767 - __console line:  58] - INFO: 关闭浏览器对象成功！
[2022-01-05 10:46:34,203 - __console line:  58] - INFO: 创建谷歌浏览器对象成功!
[2022-01-05 10:46:34,204 - __console line:  58] - INFO: 创建浏览器对象成功!
[2022-01-05 10:46:51,930 - __console line:  58] - INFO: 打开https://qdtest.wisight.cn/login成功！
[2022-01-05 10:46:51,934 - __console line:  64] - ERROR: 截图方法调用--失败！
[2022-01-05 10:46:51,939 - __console line:  64] - ERROR: 截图方法调用--失败！
[2022-01-05 10:46:51,944 - __console line:  64] - ERROR: 截图方法调用--失败！
[2022-01-05 10:46:51,963 - __console line:  64] - ERROR: 截图方法调用--失败！
[2022-01-05 10:46:51,967 - __console line:  64] - ERROR: 截图方法调用--失败！
[2022-01-05 10:46:51,970 - __console line:  58] - INFO: 关闭浏览器对象成功！
[2022-01-05 10:46:55,284 - __console line:  58] - INFO: 创建谷歌浏览器对象成功!
[2022-01-05 10:46:55,285 - __console line:  58] - INFO: 创建浏览器对象成功!
[2022-01-05 10:47:27,260 - __console line:  58] - INFO: 创建谷歌浏览器对象成功!
[2022-01-05 10:47:27,260 - __console line:  58] - INFO: 创建浏览器对象成功!
[2022-01-05 10:49:44,541 - __console line:  58] - INFO: 创建谷歌浏览器对象成功!
[2022-01-05 10:49:44,542 - __console line:  58] - INFO: 创建浏览器对象成功!
[2022-01-05 10:50:26,111 - __console line:  58] - INFO: 打开https://qdtest.wisight.cn/login成功！
[2022-01-05 10:50:26,116 - __console line:  64] - ERROR: 截图方法调用--失败！
[2022-01-05 10:50:26,122 - __console line:  64] - ERROR: 截图方法调用--失败！
[2022-01-05 10:50:26,131 - __console line:  64] - ERROR: 截图方法调用--失败！
[2022-01-05 10:50:26,136 - __console line:  64] - ERROR: 截图方法调用--失败！
[2022-01-05 10:50:26,151 - __console line:  64] - ERROR: 截图方法调用--失败！
[2022-01-05 10:50:26,157 - __console line:  58] - INFO: 关闭浏览器对象成功！
[2022-01-05 10:50:35,569 - __console line:  58] - INFO: 创建谷歌浏览器对象成功!
[2022-01-05 10:50:35,569 - __console line:  58] - INFO: 创建浏览器对象成功!
[2022-01-05 10:50:59,597 - __console line:  58] - INFO: 打开https://qdtest.wisight.cn/login成功！
[2022-01-05 10:51:12,603 - __console line:  58] - INFO: 创建谷歌浏览器对象成功!
[2022-01-05 10:51:12,604 - __console line:  58] - INFO: 创建浏览器对象成功!
[2022-01-05 10:51:14,759 - __console line:  58] - INFO: 打开https://qdtest.wisight.cn/login成功！
[2022-01-05 10:51:14,901 - __console line:  58] - INFO: 输入用户名：admin@QDtxgjwl.com成功
[2022-01-05 10:51:14,929 - __console line:  58] - INFO: 清除密码：Password123成功
[2022-01-05 10:51:15,016 - __console line:  58] - INFO: 输入用密码：Password123成功
[2022-01-05 10:51:15,074 - __console line:  58] - INFO: 点击登录按钮成功
[2022-01-05 10:51:17,794 - __console line:  58] - INFO: 点击服务套件成功
[2022-01-05 10:51:17,965 - __console line:  58] - INFO: 点击qdtest助理管理成功
[2022-01-05 10:51:19,119 - __console line:  58] - INFO: 滚动条拖动到底部！
[2022-01-05 10:51:19,183 - __console line:  58] - INFO: 点击下拉选择翻页成功
[2022-01-05 10:51:19,483 - __console line:  58] - INFO: 成功选择每页显示50条数据！
[2022-01-05 10:51:24,571 - __console line:  58] - INFO: 关闭浏览器对象成功！
[2022-01-05 10:51:27,970 - __console line:  58] - INFO: 创建谷歌浏览器对象成功!
[2022-01-05 10:51:27,971 - __console line:  58] - INFO: 创建浏览器对象成功!
[2022-01-05 10:51:32,152 - __console line:  58] - INFO: 打开https://qdtest.wisight.cn/login成功！
[2022-01-05 10:51:32,316 - __console line:  58] - INFO: 输入用户名：admin@QDcgzs.com成功
[2022-01-05 10:51:32,341 - __console line:  58] - INFO: 清除密码：Password123成功
[2022-01-05 10:51:32,427 - __console line:  58] - INFO: 输入用密码：Password123成功
[2022-01-05 10:51:32,484 - __console line:  58] - INFO: 点击登录按钮成功
[2022-01-05 10:51:34,774 - __console line:  58] - INFO: 点击服务套件成功
[2022-01-05 10:51:34,979 - __console line:  58] - INFO: 点击qdtest助理管理成功
[2022-01-05 10:51:36,086 - __console line:  58] - INFO: 滚动条拖动到底部！
[2022-01-05 10:51:36,155 - __console line:  58] - INFO: 点击下拉选择翻页成功
[2022-01-05 10:51:36,465 - __console line:  58] - INFO: 成功选择每页显示50条数据！
[2022-01-05 10:51:41,576 - __console line:  58] - INFO: 关闭浏览器对象成功！
[2022-01-05 10:51:44,945 - __console line:  58] - INFO: 创建谷歌浏览器对象成功!
[2022-01-05 10:51:44,945 - __console line:  58] - INFO: 创建浏览器对象成功!
[2022-01-05 10:51:46,642 - __console line:  58] - INFO: 打开https://wibot.work/login成功！
[2022-01-05 10:51:46,801 - __console line:  58] - INFO: 输入用户名：admin@ccbhzzj.com成功
[2022-01-05 10:51:46,828 - __console line:  58] - INFO: 清除密码：Password123成功
[2022-01-05 10:51:46,912 - __console line:  58] - INFO: 输入用密码：Password123成功
[2022-01-05 10:51:46,969 - __console line:  58] - INFO: 点击登录按钮成功
[2022-01-05 10:51:47,574 - __console line:  58] - INFO: 点击服务套件成功
[2022-01-05 10:51:47,739 - __console line:  58] - INFO: 点击wibot助理管理成功
[2022-01-05 10:51:47,901 - __console line:  58] - INFO: 滚动条拖动到底部！
[2022-01-05 10:51:47,973 - __console line:  58] - INFO: 点击下拉选择翻页成功
[2022-01-05 10:51:48,311 - __console line:  58] - INFO: 成功选择每页显示50条数据！
[2022-01-05 10:51:53,465 - __console line:  58] - INFO: 关闭浏览器对象成功！
[2022-01-05 10:51:56,803 - __console line:  58] - INFO: 创建谷歌浏览器对象成功!
[2022-01-05 10:51:56,804 - __console line:  58] - INFO: 创建浏览器对象成功!
[2022-01-05 10:51:58,747 - __console line:  58] - INFO: 打开https://wibot.work/login成功！
[2022-01-05 10:51:58,890 - __console line:  58] - INFO: 输入用户名：admin@bobtjhx.com成功
[2022-01-05 10:51:58,917 - __console line:  58] - INFO: 清除密码：Password123成功
[2022-01-05 10:51:58,985 - __console line:  58] - INFO: 输入用密码：Password123成功
[2022-01-05 10:51:59,044 - __console line:  58] - INFO: 点击登录按钮成功
[2022-01-05 10:51:59,731 - __console line:  58] - INFO: 点击服务套件成功
[2022-01-05 10:51:59,890 - __console line:  58] - INFO: 点击wibot助理管理成功
[2022-01-05 10:52:00,068 - __console line:  58] - INFO: 滚动条拖动到底部！
[2022-01-05 10:52:00,127 - __console line:  58] - INFO: 点击下拉选择翻页成功
[2022-01-05 10:52:00,532 - __console line:  58] - INFO: 成功选择每页显示50条数据！
[2022-01-05 10:52:25,003 - __console line:  58] - INFO: 创建谷歌浏览器对象成功!
[2022-01-05 10:52:25,004 - __console line:  58] - INFO: 创建浏览器对象成功!
[2022-01-05 10:52:27,676 - __console line:  58] - INFO: 打开https://qdtest.wisight.cn/login成功！
[2022-01-05 10:52:27,833 - __console line:  58] - INFO: 输入用户名：admin@QDtxgjwl.com成功
[2022-01-05 10:52:27,861 - __console line:  58] - INFO: 清除密码：Password123成功
[2022-01-05 10:52:27,949 - __console line:  58] - INFO: 输入用密码：Password123成功
[2022-01-05 10:52:28,005 - __console line:  58] - INFO: 点击登录按钮成功
[2022-01-05 10:52:30,432 - __console line:  58] - INFO: 点击服务套件成功
[2022-01-05 10:52:30,582 - __console line:  58] - INFO: 点击qdtest助理管理成功
[2022-01-05 10:52:31,790 - __console line:  58] - INFO: 滚动条拖动到底部！
[2022-01-05 10:52:31,846 - __console line:  58] - INFO: 点击下拉选择翻页成功
[2022-01-05 10:52:32,183 - __console line:  58] - INFO: 成功选择每页显示50条数据！
[2022-01-05 10:52:37,274 - __console line:  58] - INFO: 关闭浏览器对象成功！
[2022-01-05 10:52:40,682 - __console line:  58] - INFO: 创建谷歌浏览器对象成功!
[2022-01-05 10:52:40,683 - __console line:  58] - INFO: 创建浏览器对象成功!
[2022-01-05 10:52:42,643 - __console line:  58] - INFO: 打开https://qdtest.wisight.cn/login成功！
[2022-01-05 10:52:42,798 - __console line:  58] - INFO: 输入用户名：admin@QDcgzs.com成功
[2022-01-05 10:52:42,825 - __console line:  58] - INFO: 清除密码：Password123成功
[2022-01-05 10:52:42,913 - __console line:  58] - INFO: 输入用密码：Password123成功
[2022-01-05 10:52:42,970 - __console line:  58] - INFO: 点击登录按钮成功
[2022-01-05 10:52:45,316 - __console line:  58] - INFO: 点击服务套件成功
[2022-01-05 10:52:45,476 - __console line:  58] - INFO: 点击qdtest助理管理成功
[2022-01-05 10:52:46,745 - __console line:  58] - INFO: 滚动条拖动到底部！
[2022-01-05 10:52:46,809 - __console line:  58] - INFO: 点击下拉选择翻页成功
[2022-01-05 10:52:47,116 - __console line:  58] - INFO: 成功选择每页显示50条数据！
[2022-01-05 10:52:52,223 - __console line:  58] - INFO: 关闭浏览器对象成功！
[2022-01-05 10:52:55,594 - __console line:  58] - INFO: 创建谷歌浏览器对象成功!
[2022-01-05 10:52:55,595 - __console line:  58] - INFO: 创建浏览器对象成功!
[2022-01-05 10:52:57,049 - __console line:  58] - INFO: 打开https://wibot.work/login成功！
[2022-01-05 10:52:57,204 - __console line:  58] - INFO: 输入用户名：admin@ccbhzzj.com成功
[2022-01-05 10:52:57,231 - __console line:  58] - INFO: 清除密码：Password123成功
[2022-01-05 10:52:57,312 - __console line:  58] - INFO: 输入用密码：Password123成功
[2022-01-05 10:52:57,374 - __console line:  58] - INFO: 点击登录按钮成功
[2022-01-05 10:52:57,988 - __console line:  58] - INFO: 点击服务套件成功
[2022-01-05 10:52:58,149 - __console line:  58] - INFO: 点击wibot助理管理成功
[2022-01-05 10:52:58,287 - __console line:  58] - INFO: 滚动条拖动到底部！
[2022-01-05 10:52:58,347 - __console line:  58] - INFO: 点击下拉选择翻页成功
[2022-01-05 10:52:58,645 - __console line:  58] - INFO: 成功选择每页显示50条数据！
[2022-01-05 10:53:03,779 - __console line:  58] - INFO: 关闭浏览器对象成功！
[2022-01-05 10:53:07,114 - __console line:  58] - INFO: 创建谷歌浏览器对象成功!
[2022-01-05 10:53:07,115 - __console line:  58] - INFO: 创建浏览器对象成功!
[2022-01-05 10:53:08,670 - __console line:  58] - INFO: 打开https://wibot.work/login成功！
[2022-01-05 10:53:08,835 - __console line:  58] - INFO: 输入用户名：admin@bobtjhx.com成功
[2022-01-05 10:53:08,864 - __console line:  58] - INFO: 清除密码：Password123成功
[2022-01-05 10:53:08,951 - __console line:  58] - INFO: 输入用密码：Password123成功
[2022-01-05 10:53:09,012 - __console line:  58] - INFO: 点击登录按钮成功
[2022-01-05 10:53:09,627 - __console line:  58] - INFO: 点击服务套件成功
[2022-01-05 10:53:09,789 - __console line:  58] - INFO: 点击wibot助理管理成功
[2022-01-05 10:53:09,968 - __console line:  58] - INFO: 滚动条拖动到底部！
[2022-01-05 10:53:10,029 - __console line:  58] - INFO: 点击下拉选择翻页成功
[2022-01-05 10:53:10,378 - __console line:  58] - INFO: 成功选择每页显示50条数据！
[2022-01-05 10:53:15,603 - __console line:  58] - INFO: 关闭浏览器对象成功！
[2022-01-05 10:53:18,948 - __console line:  58] - INFO: 创建谷歌浏览器对象成功!
[2022-01-05 10:53:18,949 - __console line:  58] - INFO: 创建浏览器对象成功!
[2022-01-05 10:53:20,752 - __console line:  58] - INFO: 打开https://wibot.work/login成功！
[2022-01-05 10:53:20,909 - __console line:  58] - INFO: 输入用户名：admin@HFcqhc.com成功
[2022-01-05 10:53:20,936 - __console line:  58] - INFO: 清除密码：Password123成功
[2022-01-05 10:53:21,020 - __console line:  58] - INFO: 输入用密码：Password123成功
[2022-01-05 10:53:21,078 - __console line:  58] - INFO: 点击登录按钮成功
[2022-01-05 10:53:21,670 - __console line:  58] - INFO: 点击服务套件成功
[2022-01-05 10:53:21,830 - __console line:  58] - INFO: 点击wibot助理管理成功
[2022-01-05 10:53:21,996 - __console line:  58] - INFO: 滚动条拖动到底部！
[2022-01-05 10:53:22,051 - __console line:  58] - INFO: 点击下拉选择翻页成功
[2022-01-05 10:53:22,414 - __console line:  58] - INFO: 成功选择每页显示50条数据！
[2022-01-05 10:53:27,575 - __console line:  58] - INFO: 关闭浏览器对象成功！
[2022-01-05 10:53:30,951 - __console line:  58] - INFO: 创建谷歌浏览器对象成功!
[2022-01-05 10:53:30,952 - __console line:  58] - INFO: 创建浏览器对象成功!
[2022-01-05 10:53:37,471 - __console line:  58] - INFO: 打开https://wibot.work/login成功！
[2022-01-05 10:53:37,601 - __console line:  58] - INFO: 输入用户名：admin@HFcqjb.com成功
[2022-01-05 10:53:37,630 - __console line:  58] - INFO: 清除密码：Password123成功
[2022-01-05 10:53:37,712 - __console line:  58] - INFO: 输入用密码：Password123成功
[2022-01-05 10:53:37,767 - __console line:  58] - INFO: 点击登录按钮成功
[2022-01-05 10:53:38,412 - __console line:  58] - INFO: 点击服务套件成功
[2022-01-05 10:53:38,555 - __console line:  58] - INFO: 点击wibot助理管理成功
[2022-01-05 10:53:38,822 - __console line:  58] - INFO: 滚动条拖动到底部！
[2022-01-05 10:53:38,887 - __console line:  58] - INFO: 点击下拉选择翻页成功
[2022-01-05 10:53:39,182 - __console line:  58] - INFO: 成功选择每页显示50条数据！
[2022-01-05 10:53:44,330 - __console line:  58] - INFO: 关闭浏览器对象成功！
[2022-01-05 11:01:45,711 - __console line:  58] - INFO: 创建谷歌浏览器对象成功!
[2022-01-05 11:01:45,712 - __console line:  58] - INFO: 创建浏览器对象成功!
[2022-01-05 11:01:49,000 - __console line:  58] - INFO: 打开https://qdtest.wisight.cn/login成功！
[2022-01-05 11:01:49,163 - __console line:  58] - INFO: 输入用户名：admin@QDtxgjwl.com成功
[2022-01-05 11:01:49,194 - __console line:  58] - INFO: 清除密码：Password123成功
[2022-01-05 11:01:49,281 - __console line:  58] - INFO: 输入用密码：Password123成功
[2022-01-05 11:01:49,337 - __console line:  58] - INFO: 点击登录按钮成功
[2022-01-05 11:01:52,173 - __console line:  58] - INFO: 点击服务套件成功
[2022-01-05 11:01:52,343 - __console line:  58] - INFO: 点击qdtest助理管理成功
[2022-01-05 11:01:53,560 - __console line:  58] - INFO: 滚动条拖动到底部！
[2022-01-05 11:01:53,622 - __console line:  58] - INFO: 点击下拉选择翻页成功
[2022-01-05 11:01:53,981 - __console line:  58] - INFO: 成功选择每页显示50条数据！
[2022-01-05 11:01:59,081 - __console line:  58] - INFO: 关闭浏览器对象成功！
[2022-01-05 11:02:02,460 - __console line:  58] - INFO: 创建谷歌浏览器对象成功!
[2022-01-05 11:02:02,461 - __console line:  58] - INFO: 创建浏览器对象成功!
[2022-01-05 11:02:05,443 - __console line:  58] - INFO: 打开https://qdtest.wisight.cn/login成功！
[2022-01-05 11:02:05,601 - __console line:  58] - INFO: 输入用户名：admin@QDcgzs.com成功
[2022-01-05 11:02:05,627 - __console line:  58] - INFO: 清除密码：Password123成功
[2022-01-05 11:02:05,709 - __console line:  58] - INFO: 输入用密码：Password123成功
[2022-01-05 11:02:05,767 - __console line:  58] - INFO: 点击登录按钮成功
[2022-01-05 11:02:08,127 - __console line:  58] - INFO: 点击服务套件成功
[2022-01-05 11:02:08,274 - __console line:  58] - INFO: 点击qdtest助理管理成功
[2022-01-05 11:02:09,434 - __console line:  58] - INFO: 滚动条拖动到底部！
[2022-01-05 11:02:09,487 - __console line:  58] - INFO: 点击下拉选择翻页成功
[2022-01-05 11:02:09,835 - __console line:  58] - INFO: 成功选择每页显示50条数据！
[2022-01-05 11:02:14,940 - __console line:  58] - INFO: 关闭浏览器对象成功！
[2022-01-05 11:02:18,302 - __console line:  58] - INFO: 创建谷歌浏览器对象成功!
[2022-01-05 11:02:18,302 - __console line:  58] - INFO: 创建浏览器对象成功!
[2022-01-05 11:02:20,237 - __console line:  58] - INFO: 打开https://wibot.work/login成功！
[2022-01-05 11:02:20,396 - __console line:  58] - INFO: 输入用户名：admin@ccbhzzj.com成功
[2022-01-05 11:02:20,421 - __console line:  58] - INFO: 清除密码：Password123成功
[2022-01-05 11:02:20,504 - __console line:  58] - INFO: 输入用密码：Password123成功
[2022-01-05 11:02:20,564 - __console line:  58] - INFO: 点击登录按钮成功
[2022-01-05 11:02:21,211 - __console line:  58] - INFO: 点击服务套件成功
[2022-01-05 11:02:21,377 - __console line:  58] - INFO: 点击wibot助理管理成功
[2022-01-05 11:02:21,547 - __console line:  58] - INFO: 滚动条拖动到底部！
[2022-01-05 11:02:21,619 - __console line:  58] - INFO: 点击下拉选择翻页成功
[2022-01-05 11:02:21,946 - __console line:  58] - INFO: 成功选择每页显示50条数据！
[2022-01-05 11:02:27,094 - __console line:  58] - INFO: 关闭浏览器对象成功！
[2022-01-05 11:02:30,471 - __console line:  58] - INFO: 创建谷歌浏览器对象成功!
[2022-01-05 11:02:30,473 - __console line:  58] - INFO: 创建浏览器对象成功!
[2022-01-05 11:02:32,242 - __console line:  58] - INFO: 打开https://wibot.work/login成功！
[2022-01-05 11:02:32,402 - __console line:  58] - INFO: 输入用户名：admin@bobtjhx.com成功
[2022-01-05 11:02:32,429 - __console line:  58] - INFO: 清除密码：Password123成功
[2022-01-05 11:02:32,513 - __console line:  58] - INFO: 输入用密码：Password123成功
[2022-01-05 11:02:32,569 - __console line:  58] - INFO: 点击登录按钮成功
[2022-01-05 11:02:33,236 - __console line:  58] - INFO: 点击服务套件成功
[2022-01-05 11:02:33,461 - __console line:  58] - INFO: 点击wibot助理管理成功
[2022-01-05 11:02:33,641 - __console line:  58] - INFO: 滚动条拖动到底部！
[2022-01-05 11:02:33,699 - __console line:  58] - INFO: 点击下拉选择翻页成功
[2022-01-05 11:02:34,066 - __console line:  58] - INFO: 成功选择每页显示50条数据！
[2022-01-05 11:02:39,337 - __console line:  58] - INFO: 关闭浏览器对象成功！
[2022-01-05 11:02:42,692 - __console line:  58] - INFO: 创建谷歌浏览器对象成功!
[2022-01-05 11:02:42,693 - __console line:  58] - INFO: 创建浏览器对象成功!
[2022-01-05 11:02:44,202 - __console line:  58] - INFO: 打开https://wibot.work/login成功！
[2022-01-05 11:02:44,359 - __console line:  58] - INFO: 输入用户名：admin@HFcqhc.com成功
[2022-01-05 11:02:44,387 - __console line:  58] - INFO: 清除密码：Password123成功
[2022-01-05 11:02:44,472 - __console line:  58] - INFO: 输入用密码：Password123成功
[2022-01-05 11:02:44,531 - __console line:  58] - INFO: 点击登录按钮成功
[2022-01-05 11:02:45,220 - __console line:  58] - INFO: 点击服务套件成功
[2022-01-05 11:02:45,409 - __console line:  58] - INFO: 点击wibot助理管理成功
[2022-01-05 11:02:45,570 - __console line:  58] - INFO: 滚动条拖动到底部！
[2022-01-05 11:02:45,624 - __console line:  58] - INFO: 点击下拉选择翻页成功
[2022-01-05 11:02:45,985 - __console line:  58] - INFO: 成功选择每页显示50条数据！
[2022-01-05 11:02:51,127 - __console line:  58] - INFO: 关闭浏览器对象成功！
[2022-01-05 11:02:54,529 - __console line:  58] - INFO: 创建谷歌浏览器对象成功!
[2022-01-05 11:02:54,531 - __console line:  58] - INFO: 创建浏览器对象成功!
[2022-01-05 11:02:56,226 - __console line:  58] - INFO: 打开https://wibot.work/login成功！
[2022-01-05 11:02:56,378 - __console line:  58] - INFO: 输入用户名：admin@HFcqjb.com成功
[2022-01-05 11:02:56,403 - __console line:  58] - INFO: 清除密码：Password123成功
[2022-01-05 11:02:56,485 - __console line:  58] - INFO: 输入用密码：Password123成功
[2022-01-05 11:02:56,546 - __console line:  58] - INFO: 点击登录按钮成功
[2022-01-05 11:02:57,183 - __console line:  58] - INFO: 点击服务套件成功
[2022-01-05 11:02:57,361 - __console line:  58] - INFO: 点击wibot助理管理成功
[2022-01-05 11:02:57,522 - __console line:  58] - INFO: 滚动条拖动到底部！
[2022-01-05 11:02:57,572 - __console line:  58] - INFO: 点击下拉选择翻页成功
[2022-01-05 11:02:57,891 - __console line:  58] - INFO: 成功选择每页显示50条数据！
[2022-01-05 11:03:03,100 - __console line:  58] - INFO: 关闭浏览器对象成功！
[2022-01-05 11:11:56,936 - __console line:  58] - INFO: 创建谷歌浏览器对象成功!
[2022-01-05 11:11:56,937 - __console line:  58] - INFO: 创建浏览器对象成功!
[2022-01-05 11:12:01,734 - __console line:  58] - INFO: 打开https://qdtest.wisight.cn/login成功！
[2022-01-05 11:12:01,866 - __console line:  58] - INFO: 输入用户名：admin@QDtxgjwl.com成功
[2022-01-05 11:12:01,896 - __console line:  58] - INFO: 清除密码：Password123成功
[2022-01-05 11:12:01,965 - __console line:  58] - INFO: 输入用密码：Password123成功
[2022-01-05 11:12:02,014 - __console line:  58] - INFO: 点击登录按钮成功
[2022-01-05 11:12:04,834 - __console line:  58] - INFO: 点击服务套件成功
[2022-01-05 11:12:05,045 - __console line:  58] - INFO: 点击qdtest助理管理成功
[2022-01-05 11:12:06,203 - __console line:  58] - INFO: 滚动条拖动到底部！
[2022-01-05 11:12:06,268 - __console line:  58] - INFO: 点击下拉选择翻页成功
[2022-01-05 11:12:06,562 - __console line:  58] - INFO: 成功选择每页显示50条数据！
[2022-01-05 11:15:00,972 - __console line:  58] - INFO: 创建谷歌浏览器对象成功!
[2022-01-05 11:15:00,973 - __console line:  58] - INFO: 创建浏览器对象成功!
[2022-01-05 11:15:03,052 - __console line:  58] - INFO: 打开https://qdtest.wisight.cn/login成功！
[2022-01-05 11:15:03,181 - __console line:  58] - INFO: 输入用户名：admin@QDtxgjwl.com成功
[2022-01-05 11:15:03,211 - __console line:  58] - INFO: 清除密码：Password123成功
[2022-01-05 11:15:03,273 - __console line:  58] - INFO: 输入用密码：Password123成功
[2022-01-05 11:15:03,323 - __console line:  58] - INFO: 点击登录按钮成功
[2022-01-05 11:15:05,867 - __console line:  58] - INFO: 点击服务套件成功
[2022-01-05 11:15:06,083 - __console line:  58] - INFO: 点击qdtest助理管理成功
[2022-01-05 11:15:07,329 - __console line:  58] - INFO: 滚动条拖动到底部！
[2022-01-05 11:15:07,404 - __console line:  58] - INFO: 点击下拉选择翻页成功
[2022-01-05 11:15:07,751 - __console line:  58] - INFO: 成功选择每页显示50条数据！
[2022-01-05 11:19:04,170 - __console line:  58] - INFO: 创建谷歌浏览器对象成功!
[2022-01-05 11:19:04,171 - __console line:  58] - INFO: 创建浏览器对象成功!
[2022-01-05 11:19:07,542 - __console line:  58] - INFO: 打开https://qdtest.wisight.cn/login成功！
[2022-01-05 11:19:07,680 - __console line:  58] - INFO: 输入用户名：admin@QDtxgjwl.com成功
[2022-01-05 11:19:07,711 - __console line:  58] - INFO: 清除密码：Password123成功
[2022-01-05 11:19:07,774 - __console line:  58] - INFO: 输入用密码：Password123成功
[2022-01-05 11:19:07,823 - __console line:  58] - INFO: 点击登录按钮成功
[2022-01-05 11:19:10,315 - __console line:  58] - INFO: 点击服务套件成功
[2022-01-05 11:19:10,447 - __console line:  58] - INFO: 点击qdtest助理管理成功
[2022-01-05 11:19:11,572 - __console line:  58] - INFO: 滚动条拖动到底部！
[2022-01-05 11:19:11,633 - __console line:  58] - INFO: 点击下拉选择翻页成功
[2022-01-05 11:19:11,941 - __console line:  58] - INFO: 成功选择每页显示50条数据！
[2022-01-05 11:20:52,997 - __console line:  58] - INFO: 创建谷歌浏览器对象成功!
[2022-01-05 11:20:52,998 - __console line:  58] - INFO: 创建浏览器对象成功!
[2022-01-05 11:20:56,411 - __console line:  58] - INFO: 打开https://qdtest.wisight.cn/login成功！
[2022-01-05 11:20:56,545 - __console line:  58] - INFO: 输入用户名：admin@QDtxgjwl.com成功
[2022-01-05 11:20:56,574 - __console line:  58] - INFO: 清除密码：Password123成功
[2022-01-05 11:20:56,642 - __console line:  58] - INFO: 输入用密码：Password123成功
[2022-01-05 11:20:56,691 - __console line:  58] - INFO: 点击登录按钮成功
[2022-01-05 11:21:04,092 - __console line:  58] - INFO: 创建谷歌浏览器对象成功!
[2022-01-05 11:21:04,092 - __console line:  58] - INFO: 创建浏览器对象成功!
[2022-01-05 11:21:06,349 - __console line:  58] - INFO: 打开https://qdtest.wisight.cn/login成功！
[2022-01-05 11:21:12,557 - __console line:  58] - INFO: 创建谷歌浏览器对象成功!
[2022-01-05 11:21:12,558 - __console line:  58] - INFO: 创建浏览器对象成功!
[2022-01-05 11:21:19,727 - __console line:  58] - INFO: 创建谷歌浏览器对象成功!
[2022-01-05 11:21:19,728 - __console line:  58] - INFO: 创建浏览器对象成功!
[2022-01-05 11:21:28,567 - __console line:  58] - INFO: 创建谷歌浏览器对象成功!
[2022-01-05 11:21:28,568 - __console line:  58] - INFO: 创建浏览器对象成功!
[2022-01-05 11:21:45,191 - __console line:  58] - INFO: 创建谷歌浏览器对象成功!
[2022-01-05 11:21:45,192 - __console line:  58] - INFO: 创建浏览器对象成功!
[2022-01-05 11:21:49,205 - __console line:  58] - INFO: 打开https://qdtest.wisight.cn/login成功！
[2022-01-05 11:21:49,337 - __console line:  58] - INFO: 输入用户名：admin@QDtxgjwl.com成功
[2022-01-05 11:21:49,363 - __console line:  58] - INFO: 清除密码：Password123成功
[2022-01-05 11:21:49,429 - __console line:  58] - INFO: 输入用密码：Password123成功
[2022-01-05 11:21:49,479 - __console line:  58] - INFO: 点击登录按钮成功
[2022-01-05 11:21:51,839 - __console line:  58] - INFO: 点击服务套件成功
[2022-01-05 11:21:52,016 - __console line:  58] - INFO: 点击qdtest助理管理成功
[2022-01-05 11:21:53,177 - __console line:  58] - INFO: 滚动条拖动到底部！
[2022-01-05 11:21:53,234 - __console line:  58] - INFO: 点击下拉选择翻页成功
[2022-01-05 11:21:53,544 - __console line:  58] - INFO: 成功选择每页显示50条数据！
[2022-01-05 11:21:58,626 - __console line:  58] - INFO: 关闭浏览器对象成功！
[2022-01-05 11:22:01,970 - __console line:  58] - INFO: 创建谷歌浏览器对象成功!
[2022-01-05 11:22:01,971 - __console line:  58] - INFO: 创建浏览器对象成功!
[2022-01-05 11:22:04,648 - __console line:  58] - INFO: 打开https://qdtest.wisight.cn/login成功！
[2022-01-05 11:22:04,797 - __console line:  58] - INFO: 输入用户名：admin@QDcgzs.com成功
[2022-01-05 11:22:04,826 - __console line:  58] - INFO: 清除密码：Password123成功
[2022-01-05 11:22:04,923 - __console line:  58] - INFO: 输入用密码：Password123成功
[2022-01-05 11:22:04,981 - __console line:  58] - INFO: 点击登录按钮成功
[2022-01-05 11:22:07,246 - __console line:  58] - INFO: 点击服务套件成功
[2022-01-05 11:22:07,388 - __console line:  58] - INFO: 点击qdtest助理管理成功
[2022-01-05 11:22:08,504 - __console line:  58] - INFO: 滚动条拖动到底部！
[2022-01-05 11:22:08,554 - __console line:  58] - INFO: 点击下拉选择翻页成功
[2022-01-05 11:22:08,894 - __console line:  58] - INFO: 成功选择每页显示50条数据！
[2022-01-05 11:22:14,004 - __console line:  58] - INFO: 关闭浏览器对象成功！
[2022-01-05 11:22:17,371 - __console line:  58] - INFO: 创建谷歌浏览器对象成功!
[2022-01-05 11:22:17,372 - __console line:  58] - INFO: 创建浏览器对象成功!
[2022-01-05 11:22:18,834 - __console line:  58] - INFO: 打开https://wibot.work/login成功！
[2022-01-05 11:22:18,989 - __console line:  58] - INFO: 输入用户名：admin@ccbhzzj.com成功
[2022-01-05 11:22:19,019 - __console line:  58] - INFO: 清除密码：Password123成功
[2022-01-05 11:22:19,108 - __console line:  58] - INFO: 输入用密码：Password123成功
[2022-01-05 11:22:19,168 - __console line:  58] - INFO: 点击登录按钮成功
[2022-01-05 11:22:19,838 - __console line:  58] - INFO: 点击服务套件成功
[2022-01-05 11:22:19,998 - __console line:  58] - INFO: 点击wibot助理管理成功
[2022-01-05 11:22:20,154 - __console line:  58] - INFO: 滚动条拖动到底部！
[2022-01-05 11:22:20,236 - __console line:  58] - INFO: 点击下拉选择翻页成功
[2022-01-05 11:22:20,585 - __console line:  58] - INFO: 成功选择每页显示50条数据！
[2022-01-05 11:22:25,759 - __console line:  58] - INFO: 关闭浏览器对象成功！
[2022-01-05 11:22:29,141 - __console line:  58] - INFO: 创建谷歌浏览器对象成功!
[2022-01-05 11:22:29,141 - __console line:  58] - INFO: 创建浏览器对象成功!
[2022-01-05 11:22:30,643 - __console line:  58] - INFO: 打开https://wibot.work/login成功！
[2022-01-05 11:22:30,794 - __console line:  58] - INFO: 输入用户名：admin@bobtjhx.com成功
[2022-01-05 11:22:30,820 - __console line:  58] - INFO: 清除密码：Password123成功
[2022-01-05 11:22:30,903 - __console line:  58] - INFO: 输入用密码：Password123成功
[2022-01-05 11:22:30,965 - __console line:  58] - INFO: 点击登录按钮成功
[2022-01-05 11:22:31,651 - __console line:  58] - INFO: 点击服务套件成功
[2022-01-05 11:22:31,821 - __console line:  58] - INFO: 点击wibot助理管理成功
[2022-01-05 11:22:31,996 - __console line:  58] - INFO: 滚动条拖动到底部！
[2022-01-05 11:22:32,055 - __console line:  58] - INFO: 点击下拉选择翻页成功
[2022-01-05 11:22:32,395 - __console line:  58] - INFO: 成功选择每页显示50条数据！
[2022-01-05 11:22:37,608 - __console line:  58] - INFO: 关闭浏览器对象成功！
[2022-01-05 11:22:40,980 - __console line:  58] - INFO: 创建谷歌浏览器对象成功!
[2022-01-05 11:22:40,980 - __console line:  58] - INFO: 创建浏览器对象成功!
[2022-01-05 11:22:42,365 - __console line:  58] - INFO: 打开https://wibot.work/login成功！
[2022-01-05 11:22:42,518 - __console line:  58] - INFO: 输入用户名：admin@HFcqhc.com成功
[2022-01-05 11:22:42,545 - __console line:  58] - INFO: 清除密码：Password123成功
[2022-01-05 11:22:42,627 - __console line:  58] - INFO: 输入用密码：Password123成功
[2022-01-05 11:22:42,686 - __console line:  58] - INFO: 点击登录按钮成功
[2022-01-05 11:22:43,284 - __console line:  58] - INFO: 点击服务套件成功
[2022-01-05 11:22:43,450 - __console line:  58] - INFO: 点击wibot助理管理成功
[2022-01-05 11:22:43,623 - __console line:  58] - INFO: 滚动条拖动到底部！
[2022-01-05 11:22:43,678 - __console line:  58] - INFO: 点击下拉选择翻页成功
[2022-01-05 11:22:44,034 - __console line:  58] - INFO: 成功选择每页显示50条数据！
[2022-01-05 11:22:49,182 - __console line:  58] - INFO: 关闭浏览器对象成功！
[2022-01-05 11:22:52,544 - __console line:  58] - INFO: 创建谷歌浏览器对象成功!
[2022-01-05 11:22:52,545 - __console line:  58] - INFO: 创建浏览器对象成功!
[2022-01-05 11:22:54,443 - __console line:  58] - INFO: 打开https://wibot.work/login成功！
[2022-01-05 11:22:54,596 - __console line:  58] - INFO: 输入用户名：admin@HFcqjb.com成功
[2022-01-05 11:22:54,623 - __console line:  58] - INFO: 清除密码：Password123成功
[2022-01-05 11:22:54,708 - __console line:  58] - INFO: 输入用密码：Password123成功
[2022-01-05 11:22:54,766 - __console line:  58] - INFO: 点击登录按钮成功
[2022-01-05 11:22:55,389 - __console line:  58] - INFO: 点击服务套件成功
[2022-01-05 11:22:55,557 - __console line:  58] - INFO: 点击wibot助理管理成功
[2022-01-05 11:22:55,729 - __console line:  58] - INFO: 滚动条拖动到底部！
[2022-01-05 11:22:55,800 - __console line:  58] - INFO: 点击下拉选择翻页成功
[2022-01-05 11:22:56,129 - __console line:  58] - INFO: 成功选择每页显示50条数据！
[2022-01-05 11:23:01,240 - __console line:  58] - INFO: 关闭浏览器对象成功！
