[2022-01-01 09:30:41,413 - __console line:  58] - INFO: 创建谷歌浏览器对象成功!
[2022-01-01 09:30:41,414 - __console line:  58] - INFO: 创建浏览器对象成功!
[2022-01-01 09:30:45,215 - __console line:  58] - INFO: 打开https://qdtest.wisight.cn/login成功！
[2022-01-01 09:30:45,216 - __console line:  58] - INFO: 关闭浏览器对象成功！
[2022-01-01 09:30:55,170 - __console line:  58] - INFO: 创建谷歌浏览器对象成功!
[2022-01-01 09:30:55,171 - __console line:  58] - INFO: 创建浏览器对象成功!
[2022-01-01 09:30:58,527 - __console line:  58] - INFO: 打开https://qdtest.wisight.cn/login成功！
[2022-01-01 09:30:58,528 - __console line:  58] - INFO: 关闭浏览器对象成功！
[2022-01-01 09:33:41,773 - __console line:  58] - INFO: 创建谷歌浏览器对象成功!
[2022-01-01 09:33:41,775 - __console line:  58] - INFO: 创建浏览器对象成功!
[2022-01-01 09:33:44,774 - __console line:  58] - INFO: 打开https://qdtest.wisight.cn/login成功！
[2022-01-01 09:33:44,775 - __console line:  58] - INFO: 关闭浏览器对象成功！
[2022-01-01 09:33:53,370 - __console line:  58] - INFO: 创建谷歌浏览器对象成功!
[2022-01-01 09:33:53,370 - __console line:  58] - INFO: 创建浏览器对象成功!
[2022-01-01 09:33:56,292 - __console line:  58] - INFO: 打开https://qdtest.wisight.cn/login成功！
[2022-01-01 09:34:30,589 - __console line:  58] - INFO: 创建谷歌浏览器对象成功!
[2022-01-01 09:34:30,589 - __console line:  58] - INFO: 创建浏览器对象成功!
[2022-01-01 09:34:33,912 - __console line:  58] - INFO: 打开https://qdtest.wisight.cn/login成功！
[2022-01-01 09:34:56,020 - __console line:  58] - INFO: 创建谷歌浏览器对象成功!
[2022-01-01 09:34:56,021 - __console line:  58] - INFO: 创建浏览器对象成功!
[2022-01-01 09:34:59,001 - __console line:  58] - INFO: 打开https://qdtest.wisight.cn/login成功！
[2022-01-01 10:23:21,517 - __console line:  58] - INFO: 创建谷歌浏览器对象成功!
[2022-01-01 10:23:21,517 - __console line:  58] - INFO: 创建浏览器对象成功!
[2022-01-01 10:23:23,034 - __console line:  58] - INFO: 创建谷歌浏览器对象成功!
[2022-01-01 10:23:23,035 - __console line:  58] - INFO: 创建浏览器对象成功!
[2022-01-01 10:23:40,825 - __console line:  58] - INFO: 打开https://qdtest.wisight.cn/login成功！
[2022-01-01 10:23:52,367 - __console line:  58] - INFO: 截图方法调用---成功！
[2022-01-01 10:24:02,469 - __console line:  64] - ERROR: 截图方法调用--失败！
[2022-01-01 10:24:15,050 - __console line:  58] - INFO: 创建谷歌浏览器对象成功!
[2022-01-01 10:24:15,051 - __console line:  58] - INFO: 创建浏览器对象成功!
[2022-01-01 10:24:16,552 - __console line:  58] - INFO: 创建谷歌浏览器对象成功!
[2022-01-01 10:24:16,553 - __console line:  58] - INFO: 创建浏览器对象成功!
[2022-01-01 10:24:20,751 - __console line:  58] - INFO: 打开https://qdtest.wisight.cn/login成功！
[2022-01-01 10:24:31,597 - __console line:  58] - INFO: 截图方法调用---成功！
[2022-01-01 10:24:36,164 - __console line:  64] - ERROR: 截图方法调用--失败！
[2022-01-01 10:32:44,893 - __console line:  58] - INFO: 创建谷歌浏览器对象成功!
[2022-01-01 10:32:44,893 - __console line:  58] - INFO: 创建浏览器对象成功!
[2022-01-01 10:32:48,861 - __console line:  58] - INFO: 打开https://qdtest.wisight.cn/login成功！
[2022-01-01 10:32:50,397 - __console line:  58] - INFO: 创建谷歌浏览器对象成功!
[2022-01-01 10:32:50,398 - __console line:  58] - INFO: 创建浏览器对象成功!
[2022-01-01 10:34:44,136 - __console line:  58] - INFO: 创建谷歌浏览器对象成功!
[2022-01-01 10:34:44,136 - __console line:  58] - INFO: 创建浏览器对象成功!
[2022-01-01 10:34:47,450 - __console line:  58] - INFO: 打开https://qdtest.wisight.cn/login成功！
[2022-01-01 10:38:07,481 - __console line:  58] - INFO: 创建谷歌浏览器对象成功!
[2022-01-01 10:38:07,482 - __console line:  58] - INFO: 创建浏览器对象成功!
[2022-01-01 10:38:10,442 - __console line:  58] - INFO: 打开https://qdtest.wisight.cn/login成功！
[2022-01-01 10:38:14,878 - __console line:  58] - INFO: 滚动条拖动到底部！
[2022-01-01 10:39:26,520 - __console line:  58] - INFO: 创建谷歌浏览器对象成功!
[2022-01-01 10:39:26,521 - __console line:  58] - INFO: 创建浏览器对象成功!
[2022-01-01 10:39:29,887 - __console line:  58] - INFO: 打开https://qdtest.wisight.cn/login成功！
[2022-01-01 10:39:35,055 - __console line:  58] - INFO: 滚动条拖动到底部！
[2022-01-01 10:47:06,051 - __console line:  58] - INFO: 创建谷歌浏览器对象成功!
[2022-01-01 10:47:06,051 - __console line:  58] - INFO: 创建浏览器对象成功!
[2022-01-01 10:47:09,410 - __console line:  58] - INFO: 打开https://qdtest.wisight.cn/login成功！
[2022-01-01 10:47:14,628 - __console line:  58] - INFO: 滚动条拖动到底部！
[2022-01-01 10:51:44,664 - __console line:  58] - INFO: 创建谷歌浏览器对象成功!
[2022-01-01 10:51:44,665 - __console line:  58] - INFO: 创建浏览器对象成功!
[2022-01-01 10:51:47,177 - __console line:  58] - INFO: 打开https://qdtest.wisight.cn/login成功！
[2022-01-01 10:51:52,144 - __console line:  58] - INFO: 滚动条拖动到底部！
[2022-01-01 10:52:02,624 - __console line:  58] - INFO: 关闭浏览器对象成功！
[2022-01-01 10:52:44,216 - __console line:  58] - INFO: 创建谷歌浏览器对象成功!
[2022-01-01 10:52:44,217 - __console line:  58] - INFO: 创建浏览器对象成功!
[2022-01-01 10:52:47,676 - __console line:  58] - INFO: 打开https://qdtest.wisight.cn/login成功！
[2022-01-01 10:52:52,481 - __console line:  58] - INFO: 滚动条拖动到底部！
[2022-01-01 10:52:52,933 - __console line:  58] - INFO: 关闭浏览器对象成功！
[2022-01-01 10:59:07,268 - __console line:  58] - INFO: 创建谷歌浏览器对象成功!
[2022-01-01 10:59:07,269 - __console line:  58] - INFO: 创建浏览器对象成功!
[2022-01-01 10:59:11,138 - __console line:  58] - INFO: 打开https://qdtest.wisight.cn/login成功！
[2022-01-01 10:59:15,064 - __console line:  58] - INFO: 截图方法调用---成功！
[2022-01-01 10:59:15,561 - __console line:  58] - INFO: 截图方法调用---成功！
[2022-01-01 10:59:16,648 - __console line:  58] - INFO: 滚动条拖动到底部！
[2022-01-01 10:59:17,006 - __console line:  58] - INFO: 截图方法调用---成功！
[2022-01-01 10:59:17,374 - __console line:  58] - INFO: 截图方法调用---成功！
[2022-01-01 10:59:17,392 - __console line:  58] - INFO: 关闭浏览器对象成功！
[2022-01-01 10:59:49,527 - __console line:  58] - INFO: 创建谷歌浏览器对象成功!
[2022-01-01 10:59:49,527 - __console line:  58] - INFO: 创建浏览器对象成功!
[2022-01-01 10:59:52,495 - __console line:  58] - INFO: 打开https://qdtest.wisight.cn/login成功！
[2022-01-01 10:59:55,959 - __console line:  58] - INFO: 截图方法调用---成功！
[2022-01-01 10:59:56,423 - __console line:  58] - INFO: 截图方法调用---成功！
[2022-01-01 10:59:58,183 - __console line:  58] - INFO: 滚动条拖动到底部！
[2022-01-01 10:59:58,569 - __console line:  58] - INFO: 截图方法调用---成功！
[2022-01-01 10:59:59,009 - __console line:  58] - INFO: 截图方法调用---成功！
[2022-01-01 10:59:59,032 - __console line:  58] - INFO: 关闭浏览器对象成功！
[2022-01-01 11:05:44,357 - __console line:  58] - INFO: 创建谷歌浏览器对象成功!
[2022-01-01 11:05:44,358 - __console line:  58] - INFO: 创建浏览器对象成功!
[2022-01-01 11:05:48,025 - __console line:  58] - INFO: 打开https://qdtest.wisight.cn/login成功！
[2022-01-01 11:05:51,959 - __console line:  58] - INFO: 截图方法调用---成功！
[2022-01-01 11:05:52,459 - __console line:  58] - INFO: 截图方法调用---成功！
[2022-01-01 11:05:53,472 - __console line:  58] - INFO: 滚动条拖动到底部！
[2022-01-01 11:05:53,889 - __console line:  58] - INFO: 截图方法调用---成功！
[2022-01-01 11:05:54,283 - __console line:  58] - INFO: 截图方法调用---成功！
[2022-01-01 11:05:54,303 - __console line:  58] - INFO: 关闭浏览器对象成功！
[2022-01-01 11:07:44,755 - __console line:  58] - INFO: 创建谷歌浏览器对象成功!
[2022-01-01 11:07:44,756 - __console line:  58] - INFO: 创建浏览器对象成功!
[2022-01-01 11:07:48,926 - __console line:  58] - INFO: 打开https://qdtest.wisight.cn/login成功！
[2022-01-01 11:07:51,936 - __console line:  58] - INFO: 点击服务套件成功
[2022-01-01 11:07:52,111 - __console line:  58] - INFO: 点击群组管理成功
[2022-01-01 11:07:53,445 - __console line:  58] - INFO: 滚动条拖动到底部！
[2022-01-01 11:07:53,558 - __console line:  58] - INFO: 点击下拉选择翻页成功
[2022-01-01 11:07:53,915 - __console line:  58] - INFO: 成功选择每页显示50条数据！
[2022-01-01 11:07:53,938 - __console line:  58] - INFO: 关闭浏览器对象成功！
